1682397282.479315 client started (50437): version 3.2a, socket /tmp/tmux-1000/default, protocol 8
1682397282.479388 on Linux 5.15.0-46-generic #49-Ubuntu SMP Thu Aug 4 18:03:25 UTC 2022
1682397282.479403 using libevent 2.1.12-stable (poll); ncurses 6.3
1682397282.479455 flags are 0x18000000
1682397282.479474 socket is /tmp/tmux-1000/default
1682397282.479500 trying connect
1682397282.480700 add peer 0x55bb744d0b50: 6 ((nil))
1682397282.481462 sending message 100 to peer 0x55bb744d0b50 (4 bytes)
1682397282.481491 sending message 111 to peer 0x55bb744d0b50 (8 bytes)
1682397282.481503 sending message 101 to peer 0x55bb744d0b50 (15 bytes)
1682397282.481513 sending message 109 to peer 0x55bb744d0b50 (4 bytes)
1682397282.481523 sending message 102 to peer 0x55bb744d0b50 (13 bytes)
1682397282.481533 sending message 108 to peer 0x55bb744d0b50 (42 bytes)
1682397282.481543 sending message 112 to peer 0x55bb744d0b50 (58 bytes)
1682397282.481554 sending message 112 to peer 0x55bb744d0b50 (5 bytes)
1682397282.481564 sending message 112 to peer 0x55bb744d0b50 (5 bytes)
1682397282.481574 sending message 112 to peer 0x55bb744d0b50 (6 bytes)
1682397282.481583 sending message 112 to peer 0x55bb744d0b50 (6 bytes)
1682397282.481593 sending message 112 to peer 0x55bb744d0b50 (11 bytes)
1682397282.481603 sending message 112 to peer 0x55bb744d0b50 (10 bytes)
1682397282.481613 sending message 112 to peer 0x55bb744d0b50 (13 bytes)
1682397282.481622 sending message 112 to peer 0x55bb744d0b50 (14 bytes)
1682397282.481637 sending message 112 to peer 0x55bb744d0b50 (19 bytes)
1682397282.481646 sending message 112 to peer 0x55bb744d0b50 (11 bytes)
1682397282.481656 sending message 112 to peer 0x55bb744d0b50 (10 bytes)
1682397282.481665 sending message 112 to peer 0x55bb744d0b50 (15 bytes)
1682397282.481675 sending message 112 to peer 0x55bb744d0b50 (21 bytes)
1682397282.481684 sending message 112 to peer 0x55bb744d0b50 (13 bytes)
1682397282.481694 sending message 112 to peer 0x55bb744d0b50 (7 bytes)
1682397282.481704 sending message 112 to peer 0x55bb744d0b50 (13 bytes)
1682397282.481714 sending message 112 to peer 0x55bb744d0b50 (7 bytes)
1682397282.481724 sending message 112 to peer 0x55bb744d0b50 (13 bytes)
1682397282.481733 sending message 112 to peer 0x55bb744d0b50 (9 bytes)
1682397282.481743 sending message 112 to peer 0x55bb744d0b50 (21 bytes)
1682397282.481752 sending message 112 to peer 0x55bb744d0b50 (13 bytes)
1682397282.481762 sending message 112 to peer 0x55bb744d0b50 (9 bytes)
1682397282.481771 sending message 112 to peer 0x55bb744d0b50 (16 bytes)
1682397282.481781 sending message 112 to peer 0x55bb744d0b50 (13 bytes)
1682397282.481790 sending message 112 to peer 0x55bb744d0b50 (9 bytes)
1682397282.481800 sending message 112 to peer 0x55bb744d0b50 (9 bytes)
1682397282.481809 sending message 112 to peer 0x55bb744d0b50 (12 bytes)
1682397282.481819 sending message 112 to peer 0x55bb744d0b50 (8 bytes)
1682397282.481828 sending message 112 to peer 0x55bb744d0b50 (8 bytes)
1682397282.481838 sending message 112 to peer 0x55bb744d0b50 (13 bytes)
1682397282.481847 sending message 112 to peer 0x55bb744d0b50 (7 bytes)
1682397282.481857 sending message 112 to peer 0x55bb744d0b50 (7 bytes)
1682397282.481866 sending message 112 to peer 0x55bb744d0b50 (9 bytes)
1682397282.481875 sending message 112 to peer 0x55bb744d0b50 (9 bytes)
1682397282.481885 sending message 112 to peer 0x55bb744d0b50 (15 bytes)
1682397282.481894 sending message 112 to peer 0x55bb744d0b50 (13 bytes)
1682397282.481904 sending message 112 to peer 0x55bb744d0b50 (12 bytes)
1682397282.481913 sending message 112 to peer 0x55bb744d0b50 (8 bytes)
1682397282.481923 sending message 112 to peer 0x55bb744d0b50 (14 bytes)
1682397282.481933 sending message 112 to peer 0x55bb744d0b50 (11 bytes)
1682397282.481943 sending message 112 to peer 0x55bb744d0b50 (9 bytes)
1682397282.481952 sending message 112 to peer 0x55bb744d0b50 (10 bytes)
1682397282.481962 sending message 112 to peer 0x55bb744d0b50 (10 bytes)
1682397282.481971 sending message 112 to peer 0x55bb744d0b50 (10 bytes)
1682397282.481981 sending message 112 to peer 0x55bb744d0b50 (10 bytes)
1682397282.482039 sending message 112 to peer 0x55bb744d0b50 (11 bytes)
1682397282.482050 sending message 112 to peer 0x55bb744d0b50 (12 bytes)
1682397282.482059 sending message 112 to peer 0x55bb744d0b50 (12 bytes)
1682397282.482069 sending message 112 to peer 0x55bb744d0b50 (12 bytes)
1682397282.482078 sending message 112 to peer 0x55bb744d0b50 (12 bytes)
1682397282.482089 sending message 112 to peer 0x55bb744d0b50 (12 bytes)
1682397282.482098 sending message 112 to peer 0x55bb744d0b50 (11 bytes)
1682397282.482108 sending message 112 to peer 0x55bb744d0b50 (11 bytes)
1682397282.482118 sending message 112 to peer 0x55bb744d0b50 (12 bytes)
1682397282.482127 sending message 112 to peer 0x55bb744d0b50 (12 bytes)
1682397282.482137 sending message 112 to peer 0x55bb744d0b50 (12 bytes)
1682397282.482146 sending message 112 to peer 0x55bb744d0b50 (12 bytes)
1682397282.482156 sending message 112 to peer 0x55bb744d0b50 (12 bytes)
1682397282.482166 sending message 112 to peer 0x55bb744d0b50 (9 bytes)
1682397282.482175 sending message 112 to peer 0x55bb744d0b50 (12 bytes)
1682397282.482185 sending message 112 to peer 0x55bb744d0b50 (13 bytes)
1682397282.482194 sending message 112 to peer 0x55bb744d0b50 (13 bytes)
1682397282.482204 sending message 112 to peer 0x55bb744d0b50 (13 bytes)
1682397282.482213 sending message 112 to peer 0x55bb744d0b50 (13 bytes)
1682397282.482223 sending message 112 to peer 0x55bb744d0b50 (13 bytes)
1682397282.482232 sending message 112 to peer 0x55bb744d0b50 (8 bytes)
1682397282.482241 sending message 112 to peer 0x55bb744d0b50 (11 bytes)
1682397282.482251 sending message 112 to peer 0x55bb744d0b50 (11 bytes)
1682397282.482260 sending message 112 to peer 0x55bb744d0b50 (11 bytes)
1682397282.482270 sending message 112 to peer 0x55bb744d0b50 (12 bytes)
1682397282.482279 sending message 112 to peer 0x55bb744d0b50 (12 bytes)
1682397282.482288 sending message 112 to peer 0x55bb744d0b50 (12 bytes)
1682397282.482298 sending message 112 to peer 0x55bb744d0b50 (12 bytes)
1682397282.482307 sending message 112 to peer 0x55bb744d0b50 (13 bytes)
1682397282.482316 sending message 112 to peer 0x55bb744d0b50 (13 bytes)
1682397282.482326 sending message 112 to peer 0x55bb744d0b50 (13 bytes)
1682397282.482336 sending message 112 to peer 0x55bb744d0b50 (8 bytes)
1682397282.482345 sending message 112 to peer 0x55bb744d0b50 (13 bytes)
1682397282.482355 sending message 112 to peer 0x55bb744d0b50 (13 bytes)
1682397282.482364 sending message 112 to peer 0x55bb744d0b50 (13 bytes)
1682397282.482373 sending message 112 to peer 0x55bb744d0b50 (13 bytes)
1682397282.482383 sending message 112 to peer 0x55bb744d0b50 (13 bytes)
1682397282.482392 sending message 112 to peer 0x55bb744d0b50 (12 bytes)
1682397282.482402 sending message 112 to peer 0x55bb744d0b50 (12 bytes)
1682397282.482411 sending message 112 to peer 0x55bb744d0b50 (12 bytes)
1682397282.482421 sending message 112 to peer 0x55bb744d0b50 (12 bytes)
1682397282.482430 sending message 112 to peer 0x55bb744d0b50 (13 bytes)
1682397282.482440 sending message 112 to peer 0x55bb744d0b50 (8 bytes)
1682397282.482449 sending message 112 to peer 0x55bb744d0b50 (13 bytes)
1682397282.482458 sending message 112 to peer 0x55bb744d0b50 (13 bytes)
1682397282.482468 sending message 112 to peer 0x55bb744d0b50 (13 bytes)
1682397282.482477 sending message 112 to peer 0x55bb744d0b50 (13 bytes)
1682397282.482486 sending message 112 to peer 0x55bb744d0b50 (13 bytes)
1682397282.482496 sending message 112 to peer 0x55bb744d0b50 (13 bytes)
1682397282.482505 sending message 112 to peer 0x55bb744d0b50 (13 bytes)
1682397282.482514 sending message 112 to peer 0x55bb744d0b50 (12 bytes)
1682397282.482524 sending message 112 to peer 0x55bb744d0b50 (12 bytes)
1682397282.482534 sending message 112 to peer 0x55bb744d0b50 (12 bytes)
1682397282.482544 sending message 112 to peer 0x55bb744d0b50 (8 bytes)
1682397282.482553 sending message 112 to peer 0x55bb744d0b50 (12 bytes)
1682397282.482563 sending message 112 to peer 0x55bb744d0b50 (13 bytes)
1682397282.482572 sending message 112 to peer 0x55bb744d0b50 (13 bytes)
1682397282.482599 sending message 112 to peer 0x55bb744d0b50 (13 bytes)
1682397282.482608 sending message 112 to peer 0x55bb744d0b50 (13 bytes)
1682397282.482618 sending message 112 to peer 0x55bb744d0b50 (13 bytes)
1682397282.482627 sending message 112 to peer 0x55bb744d0b50 (13 bytes)
1682397282.482636 sending message 112 to peer 0x55bb744d0b50 (13 bytes)
1682397282.482646 sending message 112 to peer 0x55bb744d0b50 (13 bytes)
1682397282.482655 sending message 112 to peer 0x55bb744d0b50 (12 bytes)
1682397282.482664 sending message 112 to peer 0x55bb744d0b50 (10 bytes)
1682397282.482674 sending message 112 to peer 0x55bb744d0b50 (12 bytes)
1682397282.482683 sending message 112 to peer 0x55bb744d0b50 (12 bytes)
1682397282.482693 sending message 112 to peer 0x55bb744d0b50 (12 bytes)
1682397282.482702 sending message 112 to peer 0x55bb744d0b50 (13 bytes)
1682397282.482711 sending message 112 to peer 0x55bb744d0b50 (13 bytes)
1682397282.482721 sending message 112 to peer 0x55bb744d0b50 (13 bytes)
1682397282.482730 sending message 112 to peer 0x55bb744d0b50 (13 bytes)
1682397282.482739 sending message 112 to peer 0x55bb744d0b50 (13 bytes)
1682397282.482749 sending message 112 to peer 0x55bb744d0b50 (13 bytes)
1682397282.482758 sending message 112 to peer 0x55bb744d0b50 (13 bytes)
1682397282.482767 sending message 112 to peer 0x55bb744d0b50 (10 bytes)
1682397282.482777 sending message 112 to peer 0x55bb744d0b50 (13 bytes)
1682397282.482786 sending message 112 to peer 0x55bb744d0b50 (12 bytes)
1682397282.482796 sending message 112 to peer 0x55bb744d0b50 (12 bytes)
1682397282.482805 sending message 112 to peer 0x55bb744d0b50 (12 bytes)
1682397282.482814 sending message 112 to peer 0x55bb744d0b50 (10 bytes)
1682397282.482824 sending message 112 to peer 0x55bb744d0b50 (10 bytes)
1682397282.482833 sending message 112 to peer 0x55bb744d0b50 (10 bytes)
1682397282.482842 sending message 112 to peer 0x55bb744d0b50 (12 bytes)
1682397282.482852 sending message 112 to peer 0x55bb744d0b50 (13 bytes)
1682397282.482861 sending message 112 to peer 0x55bb744d0b50 (13 bytes)
1682397282.482871 sending message 112 to peer 0x55bb744d0b50 (13 bytes)
1682397282.482880 sending message 112 to peer 0x55bb744d0b50 (13 bytes)
1682397282.482889 sending message 112 to peer 0x55bb744d0b50 (13 bytes)
1682397282.482899 sending message 112 to peer 0x55bb744d0b50 (10 bytes)
1682397282.482908 sending message 112 to peer 0x55bb744d0b50 (11 bytes)
1682397282.482917 sending message 112 to peer 0x55bb744d0b50 (12 bytes)
1682397282.482927 sending message 112 to peer 0x55bb744d0b50 (12 bytes)
1682397282.482936 sending message 112 to peer 0x55bb744d0b50 (12 bytes)
1682397282.482946 sending message 112 to peer 0x55bb744d0b50 (12 bytes)
1682397282.482955 sending message 112 to peer 0x55bb744d0b50 (12 bytes)
1682397282.482965 sending message 112 to peer 0x55bb744d0b50 (11 bytes)
1682397282.482974 sending message 112 to peer 0x55bb744d0b50 (12 bytes)
1682397282.482983 sending message 112 to peer 0x55bb744d0b50 (12 bytes)
1682397282.482993 sending message 112 to peer 0x55bb744d0b50 (13 bytes)
1682397282.483002 sending message 112 to peer 0x55bb744d0b50 (13 bytes)
1682397282.483055 sending message 112 to peer 0x55bb744d0b50 (13 bytes)
1682397282.483075 sending message 112 to peer 0x55bb744d0b50 (13 bytes)
1682397282.483084 sending message 112 to peer 0x55bb744d0b50 (13 bytes)
1682397282.483093 sending message 112 to peer 0x55bb744d0b50 (10 bytes)
1682397282.483103 sending message 112 to peer 0x55bb744d0b50 (9 bytes)
1682397282.483112 sending message 112 to peer 0x55bb744d0b50 (12 bytes)
1682397282.483122 sending message 112 to peer 0x55bb744d0b50 (13 bytes)
1682397282.483131 sending message 112 to peer 0x55bb744d0b50 (13 bytes)
1682397282.483141 sending message 112 to peer 0x55bb744d0b50 (13 bytes)
1682397282.483151 sending message 112 to peer 0x55bb744d0b50 (13 bytes)
1682397282.483160 sending message 112 to peer 0x55bb744d0b50 (13 bytes)
1682397282.483169 sending message 112 to peer 0x55bb744d0b50 (9 bytes)
1682397282.483179 sending message 112 to peer 0x55bb744d0b50 (12 bytes)
1682397282.483199 sending message 112 to peer 0x55bb744d0b50 (13 bytes)
1682397282.483208 sending message 112 to peer 0x55bb744d0b50 (13 bytes)
1682397282.483217 sending message 112 to peer 0x55bb744d0b50 (13 bytes)
1682397282.483227 sending message 112 to peer 0x55bb744d0b50 (13 bytes)
1682397282.483236 sending message 112 to peer 0x55bb744d0b50 (13 bytes)
1682397282.483245 sending message 112 to peer 0x55bb744d0b50 (11 bytes)
1682397282.483255 sending message 112 to peer 0x55bb744d0b50 (12 bytes)
1682397282.483271 sending message 112 to peer 0x55bb744d0b50 (13 bytes)
1682397282.483282 sending message 112 to peer 0x55bb744d0b50 (13 bytes)
1682397282.483291 sending message 112 to peer 0x55bb744d0b50 (13 bytes)
1682397282.483300 sending message 112 to peer 0x55bb744d0b50 (13 bytes)
1682397282.483309 sending message 112 to peer 0x55bb744d0b50 (13 bytes)
1682397282.483318 sending message 112 to peer 0x55bb744d0b50 (11 bytes)
1682397282.483327 sending message 112 to peer 0x55bb744d0b50 (12 bytes)
1682397282.483337 sending message 112 to peer 0x55bb744d0b50 (12 bytes)
1682397282.483346 sending message 112 to peer 0x55bb744d0b50 (12 bytes)
1682397282.483355 sending message 112 to peer 0x55bb744d0b50 (12 bytes)
1682397282.483364 sending message 112 to peer 0x55bb744d0b50 (12 bytes)
1682397282.483373 sending message 112 to peer 0x55bb744d0b50 (21 bytes)
1682397282.483382 sending message 112 to peer 0x55bb744d0b50 (12 bytes)
1682397282.483392 sending message 112 to peer 0x55bb744d0b50 (9 bytes)
1682397282.483401 sending message 112 to peer 0x55bb744d0b50 (6 bytes)
1682397282.483410 sending message 112 to peer 0x55bb744d0b50 (13 bytes)
1682397282.483424 sending message 112 to peer 0x55bb744d0b50 (10 bytes)
1682397282.483433 sending message 112 to peer 0x55bb744d0b50 (24 bytes)
1682397282.483443 sending message 112 to peer 0x55bb744d0b50 (13 bytes)
1682397282.483452 sending message 112 to peer 0x55bb744d0b50 (9 bytes)
1682397282.483461 sending message 112 to peer 0x55bb744d0b50 (70 bytes)
1682397282.483471 sending message 112 to peer 0x55bb744d0b50 (69 bytes)
1682397282.483480 sending message 112 to peer 0x55bb744d0b50 (12 bytes)
1682397282.483489 sending message 112 to peer 0x55bb744d0b50 (10 bytes)
1682397282.483499 sending message 112 to peer 0x55bb744d0b50 (10 bytes)
1682397282.483508 sending message 112 to peer 0x55bb744d0b50 (24 bytes)
1682397282.483517 sending message 112 to peer 0x55bb744d0b50 (13 bytes)
1682397282.483526 sending message 112 to peer 0x55bb744d0b50 (10 bytes)
1682397282.483535 sending message 112 to peer 0x55bb744d0b50 (10 bytes)
1682397282.483545 sending message 112 to peer 0x55bb744d0b50 (10 bytes)
1682397282.483554 sending message 112 to peer 0x55bb744d0b50 (13 bytes)
1682397282.483563 sending message 112 to peer 0x55bb744d0b50 (15 bytes)
1682397282.483576 sending message 112 to peer 0x55bb744d0b50 (5 bytes)
1682397282.483588 sending message 104 to peer 0x55bb744d0b50 (0 bytes)
1682397282.483599 sending message 110 to peer 0x55bb744d0b50 (0 bytes)
1682397282.483611 sending message 107 to peer 0x55bb744d0b50 (4 bytes)
1682397282.483621 sending message 105 to peer 0x55bb744d0b50 (16 bytes)
1682397282.483630 sending message 105 to peer 0x55bb744d0b50 (18 bytes)
1682397282.483639 sending message 105 to peer 0x55bb744d0b50 (46 bytes)
1682397282.483648 sending message 105 to peer 0x55bb744d0b50 (17 bytes)
1682397282.483658 sending message 105 to peer 0x55bb744d0b50 (21 bytes)
1682397282.483667 sending message 105 to peer 0x55bb744d0b50 (15 bytes)
1682397282.483676 sending message 105 to peer 0x55bb744d0b50 (20 bytes)
1682397282.483685 sending message 105 to peer 0x55bb744d0b50 (11 bytes)
1682397282.483695 sending message 105 to peer 0x55bb744d0b50 (1519 bytes)
1682397282.483733 sending message 105 to peer 0x55bb744d0b50 (49 bytes)
1682397282.483744 sending message 105 to peer 0x55bb744d0b50 (34 bytes)
1682397282.483753 sending message 105 to peer 0x55bb744d0b50 (23 bytes)
1682397282.483763 sending message 105 to peer 0x55bb744d0b50 (20 bytes)
1682397282.483772 sending message 105 to peer 0x55bb744d0b50 (32 bytes)
1682397282.483790 sending message 105 to peer 0x55bb744d0b50 (14 bytes)
1682397282.483800 sending message 105 to peer 0x55bb744d0b50 (8 bytes)
1682397282.483810 sending message 105 to peer 0x55bb744d0b50 (18 bytes)
1682397282.483819 sending message 105 to peer 0x55bb744d0b50 (31 bytes)
1682397282.483829 sending message 105 to peer 0x55bb744d0b50 (34 bytes)
1682397282.483838 sending message 105 to peer 0x55bb744d0b50 (65 bytes)
1682397282.483848 sending message 105 to peer 0x55bb744d0b50 (104 bytes)
1682397282.483858 sending message 105 to peer 0x55bb744d0b50 (54 bytes)
1682397282.483868 sending message 105 to peer 0x55bb744d0b50 (21 bytes)
1682397282.483877 sending message 105 to peer 0x55bb744d0b50 (22 bytes)
1682397282.483887 sending message 105 to peer 0x55bb744d0b50 (16 bytes)
1682397282.483896 sending message 106 to peer 0x55bb744d0b50 (0 bytes)
1682397282.483913 sending message 200 to peer 0x55bb744d0b50 (4 bytes)
1682397282.483922 client loop enter
1682397283.096583 peer 0x55bb744d0b50 message 207
1682397283.096647 sending message 208 to peer 0x55bb744d0b50 (0 bytes)
1682397284.751482 client_signal: Window changed
1682397284.751546 sending message 208 to peer 0x55bb744d0b50 (0 bytes)
1682399639.859584 client_signal: Window changed
1682399639.873924 sending message 208 to peer 0x55bb744d0b50 (0 bytes)
1682399641.277480 client_signal: Window changed
1682399641.288337 sending message 208 to peer 0x55bb744d0b50 (0 bytes)
1682401445.048358 client loop exit
