1682232084.013549 client started (19182): version 3.2a, socket /tmp/tmux-1000/default, protocol 8
1682232084.013635 on Linux 5.15.0-46-generic #49-Ubuntu SMP Thu Aug 4 18:03:25 UTC 2022
1682232084.013657 using libevent 2.1.12-stable (poll); ncurses 6.3
1682232084.013718 flags are 0x18010000
1682232084.013731 socket is /tmp/tmux-1000/default
1682232084.013756 trying connect
1682232084.014045 add peer 0x561470fa72b0: 6 ((nil))
1682232084.015084 sending message 100 to peer 0x561470fa72b0 (4 bytes)
1682232084.015116 sending message 111 to peer 0x561470fa72b0 (8 bytes)
1682232084.015127 sending message 101 to peer 0x561470fa72b0 (15 bytes)
1682232084.015136 sending message 109 to peer 0x561470fa72b0 (4 bytes)
1682232084.015146 sending message 102 to peer 0x561470fa72b0 (12 bytes)
1682232084.015156 sending message 108 to peer 0x561470fa72b0 (51 bytes)
1682232084.015166 sending message 112 to peer 0x561470fa72b0 (58 bytes)
1682232084.015177 sending message 112 to peer 0x561470fa72b0 (5 bytes)
1682232084.015187 sending message 112 to peer 0x561470fa72b0 (5 bytes)
1682232084.015197 sending message 112 to peer 0x561470fa72b0 (6 bytes)
1682232084.015207 sending message 112 to peer 0x561470fa72b0 (6 bytes)
1682232084.015216 sending message 112 to peer 0x561470fa72b0 (11 bytes)
1682232084.015226 sending message 112 to peer 0x561470fa72b0 (10 bytes)
1682232084.015236 sending message 112 to peer 0x561470fa72b0 (13 bytes)
1682232084.015245 sending message 112 to peer 0x561470fa72b0 (14 bytes)
1682232084.015255 sending message 112 to peer 0x561470fa72b0 (19 bytes)
1682232084.015264 sending message 112 to peer 0x561470fa72b0 (11 bytes)
1682232084.015274 sending message 112 to peer 0x561470fa72b0 (10 bytes)
1682232084.015284 sending message 112 to peer 0x561470fa72b0 (15 bytes)
1682232084.015293 sending message 112 to peer 0x561470fa72b0 (21 bytes)
1682232084.015303 sending message 112 to peer 0x561470fa72b0 (13 bytes)
1682232084.015313 sending message 112 to peer 0x561470fa72b0 (7 bytes)
1682232084.015323 sending message 112 to peer 0x561470fa72b0 (13 bytes)
1682232084.015333 sending message 112 to peer 0x561470fa72b0 (7 bytes)
1682232084.015343 sending message 112 to peer 0x561470fa72b0 (13 bytes)
1682232084.015352 sending message 112 to peer 0x561470fa72b0 (9 bytes)
1682232084.015362 sending message 112 to peer 0x561470fa72b0 (21 bytes)
1682232084.015372 sending message 112 to peer 0x561470fa72b0 (13 bytes)
1682232084.015381 sending message 112 to peer 0x561470fa72b0 (9 bytes)
1682232084.015391 sending message 112 to peer 0x561470fa72b0 (16 bytes)
1682232084.015400 sending message 112 to peer 0x561470fa72b0 (13 bytes)
1682232084.015410 sending message 112 to peer 0x561470fa72b0 (9 bytes)
1682232084.015420 sending message 112 to peer 0x561470fa72b0 (9 bytes)
1682232084.015429 sending message 112 to peer 0x561470fa72b0 (12 bytes)
1682232084.015439 sending message 112 to peer 0x561470fa72b0 (8 bytes)
1682232084.015449 sending message 112 to peer 0x561470fa72b0 (8 bytes)
1682232084.015458 sending message 112 to peer 0x561470fa72b0 (13 bytes)
1682232084.015468 sending message 112 to peer 0x561470fa72b0 (7 bytes)
1682232084.015478 sending message 112 to peer 0x561470fa72b0 (7 bytes)
1682232084.015487 sending message 112 to peer 0x561470fa72b0 (9 bytes)
1682232084.015497 sending message 112 to peer 0x561470fa72b0 (9 bytes)
1682232084.015506 sending message 112 to peer 0x561470fa72b0 (15 bytes)
1682232084.015516 sending message 112 to peer 0x561470fa72b0 (13 bytes)
1682232084.015526 sending message 112 to peer 0x561470fa72b0 (12 bytes)
1682232084.015536 sending message 112 to peer 0x561470fa72b0 (8 bytes)
1682232084.015546 sending message 112 to peer 0x561470fa72b0 (14 bytes)
1682232084.015555 sending message 112 to peer 0x561470fa72b0 (11 bytes)
1682232084.015565 sending message 112 to peer 0x561470fa72b0 (9 bytes)
1682232084.015574 sending message 112 to peer 0x561470fa72b0 (10 bytes)
1682232084.015584 sending message 112 to peer 0x561470fa72b0 (10 bytes)
1682232084.015594 sending message 112 to peer 0x561470fa72b0 (10 bytes)
1682232084.015603 sending message 112 to peer 0x561470fa72b0 (10 bytes)
1682232084.015633 sending message 112 to peer 0x561470fa72b0 (11 bytes)
1682232084.015643 sending message 112 to peer 0x561470fa72b0 (12 bytes)
1682232084.015652 sending message 112 to peer 0x561470fa72b0 (12 bytes)
1682232084.015662 sending message 112 to peer 0x561470fa72b0 (12 bytes)
1682232084.015672 sending message 112 to peer 0x561470fa72b0 (12 bytes)
1682232084.015682 sending message 112 to peer 0x561470fa72b0 (12 bytes)
1682232084.015691 sending message 112 to peer 0x561470fa72b0 (11 bytes)
1682232084.015701 sending message 112 to peer 0x561470fa72b0 (11 bytes)
1682232084.015710 sending message 112 to peer 0x561470fa72b0 (12 bytes)
1682232084.015720 sending message 112 to peer 0x561470fa72b0 (12 bytes)
1682232084.015729 sending message 112 to peer 0x561470fa72b0 (12 bytes)
1682232084.015739 sending message 112 to peer 0x561470fa72b0 (12 bytes)
1682232084.015749 sending message 112 to peer 0x561470fa72b0 (12 bytes)
1682232084.015758 sending message 112 to peer 0x561470fa72b0 (9 bytes)
1682232084.015768 sending message 112 to peer 0x561470fa72b0 (12 bytes)
1682232084.015777 sending message 112 to peer 0x561470fa72b0 (13 bytes)
1682232084.015787 sending message 112 to peer 0x561470fa72b0 (13 bytes)
1682232084.015797 sending message 112 to peer 0x561470fa72b0 (13 bytes)
1682232084.015806 sending message 112 to peer 0x561470fa72b0 (13 bytes)
1682232084.015816 sending message 112 to peer 0x561470fa72b0 (13 bytes)
1682232084.015826 sending message 112 to peer 0x561470fa72b0 (8 bytes)
1682232084.015835 sending message 112 to peer 0x561470fa72b0 (11 bytes)
1682232084.015845 sending message 112 to peer 0x561470fa72b0 (11 bytes)
1682232084.015854 sending message 112 to peer 0x561470fa72b0 (11 bytes)
1682232084.015864 sending message 112 to peer 0x561470fa72b0 (12 bytes)
1682232084.015873 sending message 112 to peer 0x561470fa72b0 (12 bytes)
1682232084.015883 sending message 112 to peer 0x561470fa72b0 (12 bytes)
1682232084.015893 sending message 112 to peer 0x561470fa72b0 (12 bytes)
1682232084.015902 sending message 112 to peer 0x561470fa72b0 (13 bytes)
1682232084.015912 sending message 112 to peer 0x561470fa72b0 (13 bytes)
1682232084.015952 sending message 112 to peer 0x561470fa72b0 (13 bytes)
1682232084.015966 sending message 112 to peer 0x561470fa72b0 (8 bytes)
1682232084.015976 sending message 112 to peer 0x561470fa72b0 (13 bytes)
1682232084.015985 sending message 112 to peer 0x561470fa72b0 (13 bytes)
1682232084.015995 sending message 112 to peer 0x561470fa72b0 (13 bytes)
1682232084.016005 sending message 112 to peer 0x561470fa72b0 (13 bytes)
1682232084.016014 sending message 112 to peer 0x561470fa72b0 (13 bytes)
1682232084.016024 sending message 112 to peer 0x561470fa72b0 (12 bytes)
1682232084.016034 sending message 112 to peer 0x561470fa72b0 (12 bytes)
1682232084.016043 sending message 112 to peer 0x561470fa72b0 (12 bytes)
1682232084.016053 sending message 112 to peer 0x561470fa72b0 (12 bytes)
1682232084.016063 sending message 112 to peer 0x561470fa72b0 (13 bytes)
1682232084.016072 sending message 112 to peer 0x561470fa72b0 (8 bytes)
1682232084.016082 sending message 112 to peer 0x561470fa72b0 (13 bytes)
1682232084.016092 sending message 112 to peer 0x561470fa72b0 (13 bytes)
1682232084.016101 sending message 112 to peer 0x561470fa72b0 (13 bytes)
1682232084.016111 sending message 112 to peer 0x561470fa72b0 (13 bytes)
1682232084.016120 sending message 112 to peer 0x561470fa72b0 (13 bytes)
1682232084.016130 sending message 112 to peer 0x561470fa72b0 (13 bytes)
1682232084.016140 sending message 112 to peer 0x561470fa72b0 (13 bytes)
1682232084.016150 sending message 112 to peer 0x561470fa72b0 (12 bytes)
1682232084.016160 sending message 112 to peer 0x561470fa72b0 (12 bytes)
1682232084.016170 sending message 112 to peer 0x561470fa72b0 (12 bytes)
1682232084.016179 sending message 112 to peer 0x561470fa72b0 (8 bytes)
1682232084.016189 sending message 112 to peer 0x561470fa72b0 (12 bytes)
1682232084.016198 sending message 112 to peer 0x561470fa72b0 (13 bytes)
1682232084.016208 sending message 112 to peer 0x561470fa72b0 (13 bytes)
1682232084.016240 sending message 112 to peer 0x561470fa72b0 (13 bytes)
1682232084.016250 sending message 112 to peer 0x561470fa72b0 (13 bytes)
1682232084.016260 sending message 112 to peer 0x561470fa72b0 (13 bytes)
1682232084.016270 sending message 112 to peer 0x561470fa72b0 (13 bytes)
1682232084.016279 sending message 112 to peer 0x561470fa72b0 (13 bytes)
1682232084.016289 sending message 112 to peer 0x561470fa72b0 (13 bytes)
1682232084.016299 sending message 112 to peer 0x561470fa72b0 (12 bytes)
1682232084.016308 sending message 112 to peer 0x561470fa72b0 (10 bytes)
1682232084.016318 sending message 112 to peer 0x561470fa72b0 (12 bytes)
1682232084.016328 sending message 112 to peer 0x561470fa72b0 (12 bytes)
1682232084.016337 sending message 112 to peer 0x561470fa72b0 (12 bytes)
1682232084.016347 sending message 112 to peer 0x561470fa72b0 (13 bytes)
1682232084.016357 sending message 112 to peer 0x561470fa72b0 (13 bytes)
1682232084.016366 sending message 112 to peer 0x561470fa72b0 (13 bytes)
1682232084.016376 sending message 112 to peer 0x561470fa72b0 (13 bytes)
1682232084.016386 sending message 112 to peer 0x561470fa72b0 (13 bytes)
1682232084.016396 sending message 112 to peer 0x561470fa72b0 (13 bytes)
1682232084.016405 sending message 112 to peer 0x561470fa72b0 (13 bytes)
1682232084.016415 sending message 112 to peer 0x561470fa72b0 (10 bytes)
1682232084.016424 sending message 112 to peer 0x561470fa72b0 (13 bytes)
1682232084.016434 sending message 112 to peer 0x561470fa72b0 (12 bytes)
1682232084.016444 sending message 112 to peer 0x561470fa72b0 (12 bytes)
1682232084.016453 sending message 112 to peer 0x561470fa72b0 (12 bytes)
1682232084.016463 sending message 112 to peer 0x561470fa72b0 (10 bytes)
1682232084.016473 sending message 112 to peer 0x561470fa72b0 (10 bytes)
1682232084.016482 sending message 112 to peer 0x561470fa72b0 (10 bytes)
1682232084.016492 sending message 112 to peer 0x561470fa72b0 (12 bytes)
1682232084.016502 sending message 112 to peer 0x561470fa72b0 (13 bytes)
1682232084.016511 sending message 112 to peer 0x561470fa72b0 (13 bytes)
1682232084.016521 sending message 112 to peer 0x561470fa72b0 (13 bytes)
1682232084.016530 sending message 112 to peer 0x561470fa72b0 (13 bytes)
1682232084.016540 sending message 112 to peer 0x561470fa72b0 (13 bytes)
1682232084.016549 sending message 112 to peer 0x561470fa72b0 (10 bytes)
1682232084.016559 sending message 112 to peer 0x561470fa72b0 (11 bytes)
1682232084.016569 sending message 112 to peer 0x561470fa72b0 (12 bytes)
1682232084.016579 sending message 112 to peer 0x561470fa72b0 (12 bytes)
1682232084.016588 sending message 112 to peer 0x561470fa72b0 (12 bytes)
1682232084.016598 sending message 112 to peer 0x561470fa72b0 (12 bytes)
1682232084.016608 sending message 112 to peer 0x561470fa72b0 (12 bytes)
1682232084.016617 sending message 112 to peer 0x561470fa72b0 (11 bytes)
1682232084.016627 sending message 112 to peer 0x561470fa72b0 (12 bytes)
1682232084.016637 sending message 112 to peer 0x561470fa72b0 (12 bytes)
1682232084.016646 sending message 112 to peer 0x561470fa72b0 (13 bytes)
1682232084.016656 sending message 112 to peer 0x561470fa72b0 (13 bytes)
1682232084.016665 sending message 112 to peer 0x561470fa72b0 (13 bytes)
1682232084.016675 sending message 112 to peer 0x561470fa72b0 (13 bytes)
1682232084.016685 sending message 112 to peer 0x561470fa72b0 (13 bytes)
1682232084.016694 sending message 112 to peer 0x561470fa72b0 (10 bytes)
1682232084.016704 sending message 112 to peer 0x561470fa72b0 (9 bytes)
1682232084.016713 sending message 112 to peer 0x561470fa72b0 (12 bytes)
1682232084.016724 sending message 112 to peer 0x561470fa72b0 (13 bytes)
1682232084.016733 sending message 112 to peer 0x561470fa72b0 (13 bytes)
1682232084.016743 sending message 112 to peer 0x561470fa72b0 (13 bytes)
1682232084.016753 sending message 112 to peer 0x561470fa72b0 (13 bytes)
1682232084.016762 sending message 112 to peer 0x561470fa72b0 (13 bytes)
1682232084.016772 sending message 112 to peer 0x561470fa72b0 (9 bytes)
1682232084.016781 sending message 112 to peer 0x561470fa72b0 (12 bytes)
1682232084.016837 sending message 112 to peer 0x561470fa72b0 (13 bytes)
1682232084.016863 sending message 112 to peer 0x561470fa72b0 (13 bytes)
1682232084.016874 sending message 112 to peer 0x561470fa72b0 (13 bytes)
1682232084.016884 sending message 112 to peer 0x561470fa72b0 (13 bytes)
1682232084.016894 sending message 112 to peer 0x561470fa72b0 (13 bytes)
1682232084.016903 sending message 112 to peer 0x561470fa72b0 (11 bytes)
1682232084.016913 sending message 112 to peer 0x561470fa72b0 (12 bytes)
1682232084.016922 sending message 112 to peer 0x561470fa72b0 (13 bytes)
1682232084.016932 sending message 112 to peer 0x561470fa72b0 (13 bytes)
1682232084.016942 sending message 112 to peer 0x561470fa72b0 (13 bytes)
1682232084.016951 sending message 112 to peer 0x561470fa72b0 (13 bytes)
1682232084.016960 sending message 112 to peer 0x561470fa72b0 (13 bytes)
1682232084.016970 sending message 112 to peer 0x561470fa72b0 (11 bytes)
1682232084.016979 sending message 112 to peer 0x561470fa72b0 (12 bytes)
1682232084.016988 sending message 112 to peer 0x561470fa72b0 (12 bytes)
1682232084.016998 sending message 112 to peer 0x561470fa72b0 (12 bytes)
1682232084.017007 sending message 112 to peer 0x561470fa72b0 (12 bytes)
1682232084.017016 sending message 112 to peer 0x561470fa72b0 (12 bytes)
1682232084.017036 sending message 112 to peer 0x561470fa72b0 (21 bytes)
1682232084.017047 sending message 112 to peer 0x561470fa72b0 (12 bytes)
1682232084.017057 sending message 112 to peer 0x561470fa72b0 (9 bytes)
1682232084.017066 sending message 112 to peer 0x561470fa72b0 (6 bytes)
1682232084.017076 sending message 112 to peer 0x561470fa72b0 (13 bytes)
1682232084.017085 sending message 112 to peer 0x561470fa72b0 (10 bytes)
1682232084.017094 sending message 112 to peer 0x561470fa72b0 (24 bytes)
1682232084.017104 sending message 112 to peer 0x561470fa72b0 (13 bytes)
1682232084.017113 sending message 112 to peer 0x561470fa72b0 (9 bytes)
1682232084.017122 sending message 112 to peer 0x561470fa72b0 (70 bytes)
1682232084.017132 sending message 112 to peer 0x561470fa72b0 (69 bytes)
1682232084.017141 sending message 112 to peer 0x561470fa72b0 (12 bytes)
1682232084.017151 sending message 112 to peer 0x561470fa72b0 (10 bytes)
1682232084.017160 sending message 112 to peer 0x561470fa72b0 (10 bytes)
1682232084.017169 sending message 112 to peer 0x561470fa72b0 (24 bytes)
1682232084.017179 sending message 112 to peer 0x561470fa72b0 (13 bytes)
1682232084.017193 sending message 112 to peer 0x561470fa72b0 (10 bytes)
1682232084.017204 sending message 112 to peer 0x561470fa72b0 (10 bytes)
1682232084.017214 sending message 112 to peer 0x561470fa72b0 (10 bytes)
1682232084.017223 sending message 112 to peer 0x561470fa72b0 (13 bytes)
1682232084.017232 sending message 112 to peer 0x561470fa72b0 (15 bytes)
1682232084.017242 sending message 112 to peer 0x561470fa72b0 (5 bytes)
1682232084.017254 sending message 104 to peer 0x561470fa72b0 (0 bytes)
1682232084.017265 sending message 110 to peer 0x561470fa72b0 (0 bytes)
1682232084.017276 sending message 107 to peer 0x561470fa72b0 (4 bytes)
1682232084.017286 sending message 105 to peer 0x561470fa72b0 (16 bytes)
1682232084.017296 sending message 105 to peer 0x561470fa72b0 (20 bytes)
1682232084.017305 sending message 105 to peer 0x561470fa72b0 (28 bytes)
1682232084.017314 sending message 105 to peer 0x561470fa72b0 (18 bytes)
1682232084.017324 sending message 105 to peer 0x561470fa72b0 (55 bytes)
1682232084.017334 sending message 105 to peer 0x561470fa72b0 (17 bytes)
1682232084.017343 sending message 105 to peer 0x561470fa72b0 (21 bytes)
1682232084.017358 sending message 105 to peer 0x561470fa72b0 (104 bytes)
1682232084.017369 sending message 105 to peer 0x561470fa72b0 (15 bytes)
1682232084.017378 sending message 105 to peer 0x561470fa72b0 (20 bytes)
1682232084.017388 sending message 105 to peer 0x561470fa72b0 (17 bytes)
1682232084.017398 sending message 105 to peer 0x561470fa72b0 (1519 bytes)
1682232084.017438 sending message 105 to peer 0x561470fa72b0 (118 bytes)
1682232084.017450 sending message 105 to peer 0x561470fa72b0 (49 bytes)
1682232084.017475 sending message 105 to peer 0x561470fa72b0 (31 bytes)
1682232084.017485 sending message 105 to peer 0x561470fa72b0 (34 bytes)
1682232084.017495 sending message 105 to peer 0x561470fa72b0 (23 bytes)
1682232084.017504 sending message 105 to peer 0x561470fa72b0 (20 bytes)
1682232084.017514 sending message 105 to peer 0x561470fa72b0 (32 bytes)
1682232084.017523 sending message 105 to peer 0x561470fa72b0 (14 bytes)
1682232084.017533 sending message 105 to peer 0x561470fa72b0 (64 bytes)
1682232084.017543 sending message 105 to peer 0x561470fa72b0 (8 bytes)
1682232084.017553 sending message 105 to peer 0x561470fa72b0 (18 bytes)
1682232084.017563 sending message 105 to peer 0x561470fa72b0 (31 bytes)
1682232084.017572 sending message 105 to peer 0x561470fa72b0 (34 bytes)
1682232084.017582 sending message 105 to peer 0x561470fa72b0 (135 bytes)
1682232084.017592 sending message 105 to peer 0x561470fa72b0 (65 bytes)
1682232084.017602 sending message 105 to peer 0x561470fa72b0 (106 bytes)
1682232084.017613 sending message 105 to peer 0x561470fa72b0 (194 bytes)
1682232084.017623 sending message 105 to peer 0x561470fa72b0 (54 bytes)
1682232084.017632 sending message 105 to peer 0x561470fa72b0 (20 bytes)
1682232084.017642 sending message 105 to peer 0x561470fa72b0 (88 bytes)
1682232084.017652 sending message 105 to peer 0x561470fa72b0 (16 bytes)
1682232084.017661 sending message 106 to peer 0x561470fa72b0 (0 bytes)
1682232084.017679 sending message 200 to peer 0x561470fa72b0 (4 bytes)
1682232084.017689 client loop enter
1682232084.041379 peer 0x561470fa72b0 message 207
1682232084.041428 sending message 208 to peer 0x561470fa72b0 (0 bytes)
1682232392.895356 peer 0x561470fa72b0 message 203
1682232392.910043 sending message 205 to peer 0x561470fa72b0 (0 bytes)
1682232392.924735 peer 0x561470fa72b0 message 204
1682232392.924777 client loop exit
