1682232478.779146 client started (20092): version 3.2a, socket /tmp/tmux-1000/default, protocol 8
1682232478.779193 on Linux 5.15.0-46-generic #49-Ubuntu SMP Thu Aug 4 18:03:25 UTC 2022
1682232478.779203 using libevent 2.1.12-stable (poll); ncurses 6.3
1682232478.779236 flags are 0x18010000
1682232478.779243 socket is /tmp/tmux-1000/default
1682232478.779264 trying connect
1682232478.779560 add peer 0x56081af222b0: 6 ((nil))
1682232478.785408 sending message 100 to peer 0x56081af222b0 (4 bytes)
1682232478.785443 sending message 111 to peer 0x56081af222b0 (8 bytes)
1682232478.785452 sending message 101 to peer 0x56081af222b0 (15 bytes)
1682232478.785461 sending message 109 to peer 0x56081af222b0 (4 bytes)
1682232478.785469 sending message 102 to peer 0x56081af222b0 (12 bytes)
1682232478.785477 sending message 108 to peer 0x56081af222b0 (51 bytes)
1682232478.785486 sending message 112 to peer 0x56081af222b0 (58 bytes)
1682232478.785495 sending message 112 to peer 0x56081af222b0 (5 bytes)
1682232478.785503 sending message 112 to peer 0x56081af222b0 (5 bytes)
1682232478.785512 sending message 112 to peer 0x56081af222b0 (6 bytes)
1682232478.785520 sending message 112 to peer 0x56081af222b0 (6 bytes)
1682232478.785528 sending message 112 to peer 0x56081af222b0 (11 bytes)
1682232478.785536 sending message 112 to peer 0x56081af222b0 (10 bytes)
1682232478.785545 sending message 112 to peer 0x56081af222b0 (13 bytes)
1682232478.785553 sending message 112 to peer 0x56081af222b0 (14 bytes)
1682232478.785561 sending message 112 to peer 0x56081af222b0 (19 bytes)
1682232478.785569 sending message 112 to peer 0x56081af222b0 (11 bytes)
1682232478.785577 sending message 112 to peer 0x56081af222b0 (10 bytes)
1682232478.785585 sending message 112 to peer 0x56081af222b0 (15 bytes)
1682232478.785593 sending message 112 to peer 0x56081af222b0 (21 bytes)
1682232478.785601 sending message 112 to peer 0x56081af222b0 (13 bytes)
1682232478.785610 sending message 112 to peer 0x56081af222b0 (7 bytes)
1682232478.785619 sending message 112 to peer 0x56081af222b0 (13 bytes)
1682232478.785627 sending message 112 to peer 0x56081af222b0 (7 bytes)
1682232478.785635 sending message 112 to peer 0x56081af222b0 (13 bytes)
1682232478.785643 sending message 112 to peer 0x56081af222b0 (9 bytes)
1682232478.785651 sending message 112 to peer 0x56081af222b0 (21 bytes)
1682232478.785660 sending message 112 to peer 0x56081af222b0 (13 bytes)
1682232478.785668 sending message 112 to peer 0x56081af222b0 (9 bytes)
1682232478.785676 sending message 112 to peer 0x56081af222b0 (16 bytes)
1682232478.785713 sending message 112 to peer 0x56081af222b0 (13 bytes)
1682232478.785724 sending message 112 to peer 0x56081af222b0 (9 bytes)
1682232478.785733 sending message 112 to peer 0x56081af222b0 (9 bytes)
1682232478.785741 sending message 112 to peer 0x56081af222b0 (12 bytes)
1682232478.785749 sending message 112 to peer 0x56081af222b0 (8 bytes)
1682232478.785757 sending message 112 to peer 0x56081af222b0 (8 bytes)
1682232478.785765 sending message 112 to peer 0x56081af222b0 (13 bytes)
1682232478.785773 sending message 112 to peer 0x56081af222b0 (7 bytes)
1682232478.785781 sending message 112 to peer 0x56081af222b0 (7 bytes)
1682232478.785790 sending message 112 to peer 0x56081af222b0 (9 bytes)
1682232478.785798 sending message 112 to peer 0x56081af222b0 (9 bytes)
1682232478.785806 sending message 112 to peer 0x56081af222b0 (15 bytes)
1682232478.785814 sending message 112 to peer 0x56081af222b0 (13 bytes)
1682232478.785823 sending message 112 to peer 0x56081af222b0 (12 bytes)
1682232478.785831 sending message 112 to peer 0x56081af222b0 (8 bytes)
1682232478.785840 sending message 112 to peer 0x56081af222b0 (14 bytes)
1682232478.785848 sending message 112 to peer 0x56081af222b0 (11 bytes)
1682232478.785856 sending message 112 to peer 0x56081af222b0 (9 bytes)
1682232478.785864 sending message 112 to peer 0x56081af222b0 (10 bytes)
1682232478.785872 sending message 112 to peer 0x56081af222b0 (10 bytes)
1682232478.785880 sending message 112 to peer 0x56081af222b0 (10 bytes)
1682232478.785888 sending message 112 to peer 0x56081af222b0 (10 bytes)
1682232478.785924 sending message 112 to peer 0x56081af222b0 (11 bytes)
1682232478.785933 sending message 112 to peer 0x56081af222b0 (12 bytes)
1682232478.785941 sending message 112 to peer 0x56081af222b0 (12 bytes)
1682232478.785949 sending message 112 to peer 0x56081af222b0 (12 bytes)
1682232478.785957 sending message 112 to peer 0x56081af222b0 (12 bytes)
1682232478.785966 sending message 112 to peer 0x56081af222b0 (12 bytes)
1682232478.785974 sending message 112 to peer 0x56081af222b0 (11 bytes)
1682232478.785982 sending message 112 to peer 0x56081af222b0 (11 bytes)
1682232478.785990 sending message 112 to peer 0x56081af222b0 (12 bytes)
1682232478.785998 sending message 112 to peer 0x56081af222b0 (12 bytes)
1682232478.786006 sending message 112 to peer 0x56081af222b0 (12 bytes)
1682232478.786015 sending message 112 to peer 0x56081af222b0 (12 bytes)
1682232478.786023 sending message 112 to peer 0x56081af222b0 (12 bytes)
1682232478.786031 sending message 112 to peer 0x56081af222b0 (9 bytes)
1682232478.786039 sending message 112 to peer 0x56081af222b0 (12 bytes)
1682232478.786047 sending message 112 to peer 0x56081af222b0 (13 bytes)
1682232478.786055 sending message 112 to peer 0x56081af222b0 (13 bytes)
1682232478.786063 sending message 112 to peer 0x56081af222b0 (13 bytes)
1682232478.786071 sending message 112 to peer 0x56081af222b0 (13 bytes)
1682232478.786079 sending message 112 to peer 0x56081af222b0 (13 bytes)
1682232478.786087 sending message 112 to peer 0x56081af222b0 (8 bytes)
1682232478.786096 sending message 112 to peer 0x56081af222b0 (11 bytes)
1682232478.786104 sending message 112 to peer 0x56081af222b0 (11 bytes)
1682232478.786112 sending message 112 to peer 0x56081af222b0 (11 bytes)
1682232478.786120 sending message 112 to peer 0x56081af222b0 (12 bytes)
1682232478.786128 sending message 112 to peer 0x56081af222b0 (12 bytes)
1682232478.786136 sending message 112 to peer 0x56081af222b0 (12 bytes)
1682232478.786144 sending message 112 to peer 0x56081af222b0 (12 bytes)
1682232478.786152 sending message 112 to peer 0x56081af222b0 (13 bytes)
1682232478.786160 sending message 112 to peer 0x56081af222b0 (13 bytes)
1682232478.786168 sending message 112 to peer 0x56081af222b0 (13 bytes)
1682232478.786177 sending message 112 to peer 0x56081af222b0 (8 bytes)
1682232478.786185 sending message 112 to peer 0x56081af222b0 (13 bytes)
1682232478.786193 sending message 112 to peer 0x56081af222b0 (13 bytes)
1682232478.786201 sending message 112 to peer 0x56081af222b0 (13 bytes)
1682232478.786209 sending message 112 to peer 0x56081af222b0 (13 bytes)
1682232478.786218 sending message 112 to peer 0x56081af222b0 (13 bytes)
1682232478.786226 sending message 112 to peer 0x56081af222b0 (12 bytes)
1682232478.786234 sending message 112 to peer 0x56081af222b0 (12 bytes)
1682232478.786242 sending message 112 to peer 0x56081af222b0 (12 bytes)
1682232478.786250 sending message 112 to peer 0x56081af222b0 (12 bytes)
1682232478.786258 sending message 112 to peer 0x56081af222b0 (13 bytes)
1682232478.786267 sending message 112 to peer 0x56081af222b0 (8 bytes)
1682232478.786275 sending message 112 to peer 0x56081af222b0 (13 bytes)
1682232478.786283 sending message 112 to peer 0x56081af222b0 (13 bytes)
1682232478.786291 sending message 112 to peer 0x56081af222b0 (13 bytes)
1682232478.786299 sending message 112 to peer 0x56081af222b0 (13 bytes)
1682232478.786307 sending message 112 to peer 0x56081af222b0 (13 bytes)
1682232478.786315 sending message 112 to peer 0x56081af222b0 (13 bytes)
1682232478.786324 sending message 112 to peer 0x56081af222b0 (13 bytes)
1682232478.786332 sending message 112 to peer 0x56081af222b0 (12 bytes)
1682232478.786340 sending message 112 to peer 0x56081af222b0 (12 bytes)
1682232478.786349 sending message 112 to peer 0x56081af222b0 (12 bytes)
1682232478.786357 sending message 112 to peer 0x56081af222b0 (8 bytes)
1682232478.786365 sending message 112 to peer 0x56081af222b0 (12 bytes)
1682232478.786373 sending message 112 to peer 0x56081af222b0 (13 bytes)
1682232478.786381 sending message 112 to peer 0x56081af222b0 (13 bytes)
1682232478.786396 sending message 112 to peer 0x56081af222b0 (13 bytes)
1682232478.786404 sending message 112 to peer 0x56081af222b0 (13 bytes)
1682232478.786412 sending message 112 to peer 0x56081af222b0 (13 bytes)
1682232478.786420 sending message 112 to peer 0x56081af222b0 (13 bytes)
1682232478.786428 sending message 112 to peer 0x56081af222b0 (13 bytes)
1682232478.786436 sending message 112 to peer 0x56081af222b0 (13 bytes)
1682232478.786445 sending message 112 to peer 0x56081af222b0 (12 bytes)
1682232478.786453 sending message 112 to peer 0x56081af222b0 (10 bytes)
1682232478.786461 sending message 112 to peer 0x56081af222b0 (12 bytes)
1682232478.786469 sending message 112 to peer 0x56081af222b0 (12 bytes)
1682232478.786477 sending message 112 to peer 0x56081af222b0 (12 bytes)
1682232478.786485 sending message 112 to peer 0x56081af222b0 (13 bytes)
1682232478.786493 sending message 112 to peer 0x56081af222b0 (13 bytes)
1682232478.786502 sending message 112 to peer 0x56081af222b0 (13 bytes)
1682232478.786510 sending message 112 to peer 0x56081af222b0 (13 bytes)
1682232478.786518 sending message 112 to peer 0x56081af222b0 (13 bytes)
1682232478.786526 sending message 112 to peer 0x56081af222b0 (13 bytes)
1682232478.786534 sending message 112 to peer 0x56081af222b0 (13 bytes)
1682232478.786542 sending message 112 to peer 0x56081af222b0 (10 bytes)
1682232478.786550 sending message 112 to peer 0x56081af222b0 (13 bytes)
1682232478.786558 sending message 112 to peer 0x56081af222b0 (12 bytes)
1682232478.786566 sending message 112 to peer 0x56081af222b0 (12 bytes)
1682232478.786574 sending message 112 to peer 0x56081af222b0 (12 bytes)
1682232478.786582 sending message 112 to peer 0x56081af222b0 (10 bytes)
1682232478.786590 sending message 112 to peer 0x56081af222b0 (10 bytes)
1682232478.786599 sending message 112 to peer 0x56081af222b0 (10 bytes)
1682232478.786607 sending message 112 to peer 0x56081af222b0 (12 bytes)
1682232478.786615 sending message 112 to peer 0x56081af222b0 (13 bytes)
1682232478.786623 sending message 112 to peer 0x56081af222b0 (13 bytes)
1682232478.786631 sending message 112 to peer 0x56081af222b0 (13 bytes)
1682232478.786639 sending message 112 to peer 0x56081af222b0 (13 bytes)
1682232478.786647 sending message 112 to peer 0x56081af222b0 (13 bytes)
1682232478.786655 sending message 112 to peer 0x56081af222b0 (10 bytes)
1682232478.786663 sending message 112 to peer 0x56081af222b0 (11 bytes)
1682232478.786671 sending message 112 to peer 0x56081af222b0 (12 bytes)
1682232478.786679 sending message 112 to peer 0x56081af222b0 (12 bytes)
1682232478.786687 sending message 112 to peer 0x56081af222b0 (12 bytes)
1682232478.786695 sending message 112 to peer 0x56081af222b0 (12 bytes)
1682232478.786704 sending message 112 to peer 0x56081af222b0 (12 bytes)
1682232478.786738 sending message 112 to peer 0x56081af222b0 (11 bytes)
1682232478.786750 sending message 112 to peer 0x56081af222b0 (12 bytes)
1682232478.786758 sending message 112 to peer 0x56081af222b0 (12 bytes)
1682232478.786766 sending message 112 to peer 0x56081af222b0 (13 bytes)
1682232478.786774 sending message 112 to peer 0x56081af222b0 (13 bytes)
1682232478.786782 sending message 112 to peer 0x56081af222b0 (13 bytes)
1682232478.786790 sending message 112 to peer 0x56081af222b0 (13 bytes)
1682232478.786799 sending message 112 to peer 0x56081af222b0 (13 bytes)
1682232478.786807 sending message 112 to peer 0x56081af222b0 (10 bytes)
1682232478.786929 sending message 112 to peer 0x56081af222b0 (9 bytes)
1682232478.786945 sending message 112 to peer 0x56081af222b0 (12 bytes)
1682232478.786954 sending message 112 to peer 0x56081af222b0 (13 bytes)
1682232478.786962 sending message 112 to peer 0x56081af222b0 (13 bytes)
1682232478.786970 sending message 112 to peer 0x56081af222b0 (13 bytes)
1682232478.786978 sending message 112 to peer 0x56081af222b0 (13 bytes)
1682232478.786986 sending message 112 to peer 0x56081af222b0 (13 bytes)
1682232478.786994 sending message 112 to peer 0x56081af222b0 (9 bytes)
1682232478.787002 sending message 112 to peer 0x56081af222b0 (12 bytes)
1682232478.787039 sending message 112 to peer 0x56081af222b0 (13 bytes)
1682232478.787050 sending message 112 to peer 0x56081af222b0 (13 bytes)
1682232478.787059 sending message 112 to peer 0x56081af222b0 (13 bytes)
1682232478.787067 sending message 112 to peer 0x56081af222b0 (13 bytes)
1682232478.787075 sending message 112 to peer 0x56081af222b0 (13 bytes)
1682232478.787083 sending message 112 to peer 0x56081af222b0 (11 bytes)
1682232478.787091 sending message 112 to peer 0x56081af222b0 (12 bytes)
1682232478.787099 sending message 112 to peer 0x56081af222b0 (13 bytes)
1682232478.787108 sending message 112 to peer 0x56081af222b0 (13 bytes)
1682232478.787116 sending message 112 to peer 0x56081af222b0 (13 bytes)
1682232478.787124 sending message 112 to peer 0x56081af222b0 (13 bytes)
1682232478.787132 sending message 112 to peer 0x56081af222b0 (13 bytes)
1682232478.787139 sending message 112 to peer 0x56081af222b0 (11 bytes)
1682232478.787147 sending message 112 to peer 0x56081af222b0 (12 bytes)
1682232478.787155 sending message 112 to peer 0x56081af222b0 (12 bytes)
1682232478.787163 sending message 112 to peer 0x56081af222b0 (12 bytes)
1682232478.787171 sending message 112 to peer 0x56081af222b0 (12 bytes)
1682232478.787179 sending message 112 to peer 0x56081af222b0 (12 bytes)
1682232478.787203 sending message 112 to peer 0x56081af222b0 (21 bytes)
1682232478.787213 sending message 112 to peer 0x56081af222b0 (12 bytes)
1682232478.787221 sending message 112 to peer 0x56081af222b0 (9 bytes)
1682232478.787229 sending message 112 to peer 0x56081af222b0 (6 bytes)
1682232478.787237 sending message 112 to peer 0x56081af222b0 (13 bytes)
1682232478.787248 sending message 112 to peer 0x56081af222b0 (10 bytes)
1682232478.787256 sending message 112 to peer 0x56081af222b0 (24 bytes)
1682232478.787263 sending message 112 to peer 0x56081af222b0 (13 bytes)
1682232478.787271 sending message 112 to peer 0x56081af222b0 (9 bytes)
1682232478.787279 sending message 112 to peer 0x56081af222b0 (70 bytes)
1682232478.787287 sending message 112 to peer 0x56081af222b0 (69 bytes)
1682232478.787295 sending message 112 to peer 0x56081af222b0 (12 bytes)
1682232478.787303 sending message 112 to peer 0x56081af222b0 (10 bytes)
1682232478.787311 sending message 112 to peer 0x56081af222b0 (10 bytes)
1682232478.787319 sending message 112 to peer 0x56081af222b0 (24 bytes)
1682232478.787327 sending message 112 to peer 0x56081af222b0 (13 bytes)
1682232478.787346 sending message 112 to peer 0x56081af222b0 (10 bytes)
1682232478.787355 sending message 112 to peer 0x56081af222b0 (10 bytes)
1682232478.787363 sending message 112 to peer 0x56081af222b0 (10 bytes)
1682232478.787371 sending message 112 to peer 0x56081af222b0 (13 bytes)
1682232478.787379 sending message 112 to peer 0x56081af222b0 (15 bytes)
1682232478.787386 sending message 112 to peer 0x56081af222b0 (5 bytes)
1682232478.787397 sending message 104 to peer 0x56081af222b0 (0 bytes)
1682232478.787406 sending message 110 to peer 0x56081af222b0 (0 bytes)
1682232478.787416 sending message 107 to peer 0x56081af222b0 (4 bytes)
1682232478.787425 sending message 105 to peer 0x56081af222b0 (16 bytes)
1682232478.787433 sending message 105 to peer 0x56081af222b0 (20 bytes)
1682232478.787440 sending message 105 to peer 0x56081af222b0 (28 bytes)
1682232478.787448 sending message 105 to peer 0x56081af222b0 (18 bytes)
1682232478.787456 sending message 105 to peer 0x56081af222b0 (55 bytes)
1682232478.787464 sending message 105 to peer 0x56081af222b0 (17 bytes)
1682232478.787472 sending message 105 to peer 0x56081af222b0 (21 bytes)
1682232478.787494 sending message 105 to peer 0x56081af222b0 (104 bytes)
1682232478.787503 sending message 105 to peer 0x56081af222b0 (15 bytes)
1682232478.787511 sending message 105 to peer 0x56081af222b0 (20 bytes)
1682232478.787519 sending message 105 to peer 0x56081af222b0 (17 bytes)
1682232478.787528 sending message 105 to peer 0x56081af222b0 (1519 bytes)
1682232478.787563 sending message 105 to peer 0x56081af222b0 (118 bytes)
1682232478.787682 sending message 105 to peer 0x56081af222b0 (49 bytes)
1682232478.787717 sending message 105 to peer 0x56081af222b0 (31 bytes)
1682232478.787726 sending message 105 to peer 0x56081af222b0 (34 bytes)
1682232478.787734 sending message 105 to peer 0x56081af222b0 (23 bytes)
1682232478.787745 sending message 105 to peer 0x56081af222b0 (20 bytes)
1682232478.787761 sending message 105 to peer 0x56081af222b0 (32 bytes)
1682232478.787777 sending message 105 to peer 0x56081af222b0 (14 bytes)
1682232478.787793 sending message 105 to peer 0x56081af222b0 (64 bytes)
1682232478.787809 sending message 105 to peer 0x56081af222b0 (8 bytes)
1682232478.787827 sending message 105 to peer 0x56081af222b0 (18 bytes)
1682232478.787844 sending message 105 to peer 0x56081af222b0 (31 bytes)
1682232478.787860 sending message 105 to peer 0x56081af222b0 (34 bytes)
1682232478.787877 sending message 105 to peer 0x56081af222b0 (135 bytes)
1682232478.787891 sending message 105 to peer 0x56081af222b0 (65 bytes)
1682232478.787905 sending message 105 to peer 0x56081af222b0 (106 bytes)
1682232478.787918 sending message 105 to peer 0x56081af222b0 (194 bytes)
1682232478.787932 sending message 105 to peer 0x56081af222b0 (54 bytes)
1682232478.787946 sending message 105 to peer 0x56081af222b0 (20 bytes)
1682232478.787959 sending message 105 to peer 0x56081af222b0 (88 bytes)
1682232478.787975 sending message 105 to peer 0x56081af222b0 (16 bytes)
1682232478.787991 sending message 106 to peer 0x56081af222b0 (0 bytes)
1682232478.788019 sending message 200 to peer 0x56081af222b0 (4 bytes)
1682232478.788035 client loop enter
1682232478.835101 peer 0x56081af222b0 message 207
1682232478.835167 sending message 208 to peer 0x56081af222b0 (0 bytes)
1682232550.249839 client_signal: Hangup
1682232550.249941 sending message 205 to peer 0x56081af222b0 (0 bytes)
1682232550.263965 peer 0x56081af222b0 message 204
1682232550.264046 client loop exit
