1681921402.908742 client started (1468): version 3.2a, socket /tmp/tmux-1000/default, protocol 8
1681921402.908816 on Linux 5.15.0-46-generic #49-Ubuntu SMP Thu Aug 4 18:03:25 UTC 2022
1681921402.908828 using libevent 2.1.12-stable (poll); ncurses 6.3
1681921402.908872 flags are 0x18000000
1681921402.908881 socket is /tmp/tmux-1000/default
1681921402.908910 trying connect
1681921402.908954 connect failed: No such file or directory
1681921402.908976 lock file is /tmp/tmux-1000/default.lock
1681921402.909072 flock succeeded
1681921402.909084 got lock (6)
1681921402.909101 trying connect
1681921402.909121 connect failed: No such file or directory
1681921402.909678 add peer 0x559c95097ef0: 7 ((nil))
1681921402.911013 sending message 100 to peer 0x559c95097ef0 (4 bytes)
1681921402.911045 sending message 111 to peer 0x559c95097ef0 (8 bytes)
1681921402.911055 sending message 101 to peer 0x559c95097ef0 (15 bytes)
1681921402.911068 sending message 109 to peer 0x559c95097ef0 (4 bytes)
1681921402.911076 sending message 102 to peer 0x559c95097ef0 (11 bytes)
1681921402.911085 sending message 108 to peer 0x559c95097ef0 (48 bytes)
1681921402.911093 sending message 112 to peer 0x559c95097ef0 (58 bytes)
1681921402.911102 sending message 112 to peer 0x559c95097ef0 (5 bytes)
1681921402.911110 sending message 112 to peer 0x559c95097ef0 (5 bytes)
1681921402.911118 sending message 112 to peer 0x559c95097ef0 (6 bytes)
1681921402.911126 sending message 112 to peer 0x559c95097ef0 (6 bytes)
1681921402.911135 sending message 112 to peer 0x559c95097ef0 (11 bytes)
1681921402.911143 sending message 112 to peer 0x559c95097ef0 (10 bytes)
1681921402.911151 sending message 112 to peer 0x559c95097ef0 (13 bytes)
1681921402.911159 sending message 112 to peer 0x559c95097ef0 (14 bytes)
1681921402.911168 sending message 112 to peer 0x559c95097ef0 (19 bytes)
1681921402.911176 sending message 112 to peer 0x559c95097ef0 (11 bytes)
1681921402.911183 sending message 112 to peer 0x559c95097ef0 (10 bytes)
1681921402.911191 sending message 112 to peer 0x559c95097ef0 (15 bytes)
1681921402.911199 sending message 112 to peer 0x559c95097ef0 (21 bytes)
1681921402.911206 sending message 112 to peer 0x559c95097ef0 (13 bytes)
1681921402.911214 sending message 112 to peer 0x559c95097ef0 (7 bytes)
1681921402.911222 sending message 112 to peer 0x559c95097ef0 (13 bytes)
1681921402.911230 sending message 112 to peer 0x559c95097ef0 (7 bytes)
1681921402.911238 sending message 112 to peer 0x559c95097ef0 (13 bytes)
1681921402.911246 sending message 112 to peer 0x559c95097ef0 (9 bytes)
1681921402.911254 sending message 112 to peer 0x559c95097ef0 (21 bytes)
1681921402.911263 sending message 112 to peer 0x559c95097ef0 (13 bytes)
1681921402.911271 sending message 112 to peer 0x559c95097ef0 (9 bytes)
1681921402.911279 sending message 112 to peer 0x559c95097ef0 (16 bytes)
1681921402.911286 sending message 112 to peer 0x559c95097ef0 (13 bytes)
1681921402.911294 sending message 112 to peer 0x559c95097ef0 (9 bytes)
1681921402.911302 sending message 112 to peer 0x559c95097ef0 (9 bytes)
1681921402.911309 sending message 112 to peer 0x559c95097ef0 (12 bytes)
1681921402.911318 sending message 112 to peer 0x559c95097ef0 (8 bytes)
1681921402.911326 sending message 112 to peer 0x559c95097ef0 (8 bytes)
1681921402.911334 sending message 112 to peer 0x559c95097ef0 (13 bytes)
1681921402.911342 sending message 112 to peer 0x559c95097ef0 (7 bytes)
1681921402.911350 sending message 112 to peer 0x559c95097ef0 (7 bytes)
1681921402.911358 sending message 112 to peer 0x559c95097ef0 (9 bytes)
1681921402.911366 sending message 112 to peer 0x559c95097ef0 (9 bytes)
1681921402.911374 sending message 112 to peer 0x559c95097ef0 (15 bytes)
1681921402.911382 sending message 112 to peer 0x559c95097ef0 (13 bytes)
1681921402.911389 sending message 112 to peer 0x559c95097ef0 (12 bytes)
1681921402.911397 sending message 112 to peer 0x559c95097ef0 (8 bytes)
1681921402.911405 sending message 112 to peer 0x559c95097ef0 (14 bytes)
1681921402.911413 sending message 112 to peer 0x559c95097ef0 (11 bytes)
1681921402.911421 sending message 112 to peer 0x559c95097ef0 (9 bytes)
1681921402.911448 sending message 112 to peer 0x559c95097ef0 (10 bytes)
1681921402.911457 sending message 112 to peer 0x559c95097ef0 (10 bytes)
1681921402.911465 sending message 112 to peer 0x559c95097ef0 (10 bytes)
1681921402.911473 sending message 112 to peer 0x559c95097ef0 (10 bytes)
1681921402.911482 sending message 112 to peer 0x559c95097ef0 (11 bytes)
1681921402.911490 sending message 112 to peer 0x559c95097ef0 (12 bytes)
1681921402.911498 sending message 112 to peer 0x559c95097ef0 (12 bytes)
1681921402.911506 sending message 112 to peer 0x559c95097ef0 (12 bytes)
1681921402.911513 sending message 112 to peer 0x559c95097ef0 (12 bytes)
1681921402.911521 sending message 112 to peer 0x559c95097ef0 (12 bytes)
1681921402.911529 sending message 112 to peer 0x559c95097ef0 (11 bytes)
1681921402.911537 sending message 112 to peer 0x559c95097ef0 (11 bytes)
1681921402.911545 sending message 112 to peer 0x559c95097ef0 (12 bytes)
1681921402.911553 sending message 112 to peer 0x559c95097ef0 (12 bytes)
1681921402.911561 sending message 112 to peer 0x559c95097ef0 (12 bytes)
1681921402.911570 sending message 112 to peer 0x559c95097ef0 (12 bytes)
1681921402.911578 sending message 112 to peer 0x559c95097ef0 (12 bytes)
1681921402.911586 sending message 112 to peer 0x559c95097ef0 (9 bytes)
1681921402.911594 sending message 112 to peer 0x559c95097ef0 (12 bytes)
1681921402.911602 sending message 112 to peer 0x559c95097ef0 (13 bytes)
1681921402.911609 sending message 112 to peer 0x559c95097ef0 (13 bytes)
1681921402.911617 sending message 112 to peer 0x559c95097ef0 (13 bytes)
1681921402.911625 sending message 112 to peer 0x559c95097ef0 (13 bytes)
1681921402.911633 sending message 112 to peer 0x559c95097ef0 (13 bytes)
1681921402.911641 sending message 112 to peer 0x559c95097ef0 (8 bytes)
1681921402.911649 sending message 112 to peer 0x559c95097ef0 (11 bytes)
1681921402.911656 sending message 112 to peer 0x559c95097ef0 (11 bytes)
1681921402.911664 sending message 112 to peer 0x559c95097ef0 (11 bytes)
1681921402.911672 sending message 112 to peer 0x559c95097ef0 (12 bytes)
1681921402.911680 sending message 112 to peer 0x559c95097ef0 (12 bytes)
1681921402.911688 sending message 112 to peer 0x559c95097ef0 (12 bytes)
1681921402.911696 sending message 112 to peer 0x559c95097ef0 (12 bytes)
1681921402.911704 sending message 112 to peer 0x559c95097ef0 (13 bytes)
1681921402.911712 sending message 112 to peer 0x559c95097ef0 (13 bytes)
1681921402.911720 sending message 112 to peer 0x559c95097ef0 (13 bytes)
1681921402.911728 sending message 112 to peer 0x559c95097ef0 (8 bytes)
1681921402.911736 sending message 112 to peer 0x559c95097ef0 (13 bytes)
1681921402.911744 sending message 112 to peer 0x559c95097ef0 (13 bytes)
1681921402.911751 sending message 112 to peer 0x559c95097ef0 (13 bytes)
1681921402.911759 sending message 112 to peer 0x559c95097ef0 (13 bytes)
1681921402.911767 sending message 112 to peer 0x559c95097ef0 (13 bytes)
1681921402.911774 sending message 112 to peer 0x559c95097ef0 (12 bytes)
1681921402.911782 sending message 112 to peer 0x559c95097ef0 (12 bytes)
1681921402.911790 sending message 112 to peer 0x559c95097ef0 (12 bytes)
1681921402.911797 sending message 112 to peer 0x559c95097ef0 (12 bytes)
1681921402.911805 sending message 112 to peer 0x559c95097ef0 (13 bytes)
1681921402.911813 sending message 112 to peer 0x559c95097ef0 (8 bytes)
1681921402.911821 sending message 112 to peer 0x559c95097ef0 (13 bytes)
1681921402.911829 sending message 112 to peer 0x559c95097ef0 (13 bytes)
1681921402.911838 sending message 112 to peer 0x559c95097ef0 (13 bytes)
1681921402.911847 sending message 112 to peer 0x559c95097ef0 (13 bytes)
1681921402.911855 sending message 112 to peer 0x559c95097ef0 (13 bytes)
1681921402.911863 sending message 112 to peer 0x559c95097ef0 (13 bytes)
1681921402.911871 sending message 112 to peer 0x559c95097ef0 (13 bytes)
1681921402.911879 sending message 112 to peer 0x559c95097ef0 (12 bytes)
1681921402.911886 sending message 112 to peer 0x559c95097ef0 (12 bytes)
1681921402.911894 sending message 112 to peer 0x559c95097ef0 (12 bytes)
1681921402.911925 sending message 112 to peer 0x559c95097ef0 (8 bytes)
1681921402.911934 sending message 112 to peer 0x559c95097ef0 (12 bytes)
1681921402.911942 sending message 112 to peer 0x559c95097ef0 (13 bytes)
1681921402.911951 sending message 112 to peer 0x559c95097ef0 (13 bytes)
1681921402.911959 sending message 112 to peer 0x559c95097ef0 (13 bytes)
1681921402.911967 sending message 112 to peer 0x559c95097ef0 (13 bytes)
1681921402.911975 sending message 112 to peer 0x559c95097ef0 (13 bytes)
1681921402.911983 sending message 112 to peer 0x559c95097ef0 (13 bytes)
1681921402.911991 sending message 112 to peer 0x559c95097ef0 (13 bytes)
1681921402.911998 sending message 112 to peer 0x559c95097ef0 (13 bytes)
1681921402.912006 sending message 112 to peer 0x559c95097ef0 (12 bytes)
1681921402.912014 sending message 112 to peer 0x559c95097ef0 (10 bytes)
1681921402.912021 sending message 112 to peer 0x559c95097ef0 (12 bytes)
1681921402.912029 sending message 112 to peer 0x559c95097ef0 (12 bytes)
1681921402.912036 sending message 112 to peer 0x559c95097ef0 (12 bytes)
1681921402.912044 sending message 112 to peer 0x559c95097ef0 (13 bytes)
1681921402.912052 sending message 112 to peer 0x559c95097ef0 (13 bytes)
1681921402.912060 sending message 112 to peer 0x559c95097ef0 (13 bytes)
1681921402.912068 sending message 112 to peer 0x559c95097ef0 (13 bytes)
1681921402.912076 sending message 112 to peer 0x559c95097ef0 (13 bytes)
1681921402.912083 sending message 112 to peer 0x559c95097ef0 (13 bytes)
1681921402.912091 sending message 112 to peer 0x559c95097ef0 (13 bytes)
1681921402.912099 sending message 112 to peer 0x559c95097ef0 (10 bytes)
1681921402.912107 sending message 112 to peer 0x559c95097ef0 (13 bytes)
1681921402.912116 sending message 112 to peer 0x559c95097ef0 (12 bytes)
1681921402.912124 sending message 112 to peer 0x559c95097ef0 (12 bytes)
1681921402.912132 sending message 112 to peer 0x559c95097ef0 (12 bytes)
1681921402.912140 sending message 112 to peer 0x559c95097ef0 (10 bytes)
1681921402.912148 sending message 112 to peer 0x559c95097ef0 (10 bytes)
1681921402.912156 sending message 112 to peer 0x559c95097ef0 (10 bytes)
1681921402.912164 sending message 112 to peer 0x559c95097ef0 (12 bytes)
1681921402.912171 sending message 112 to peer 0x559c95097ef0 (13 bytes)
1681921402.912179 sending message 112 to peer 0x559c95097ef0 (13 bytes)
1681921402.912187 sending message 112 to peer 0x559c95097ef0 (13 bytes)
1681921402.912194 sending message 112 to peer 0x559c95097ef0 (13 bytes)
1681921402.912202 sending message 112 to peer 0x559c95097ef0 (13 bytes)
1681921402.912209 sending message 112 to peer 0x559c95097ef0 (10 bytes)
1681921402.912217 sending message 112 to peer 0x559c95097ef0 (11 bytes)
1681921402.912225 sending message 112 to peer 0x559c95097ef0 (12 bytes)
1681921402.912233 sending message 112 to peer 0x559c95097ef0 (12 bytes)
1681921402.912240 sending message 112 to peer 0x559c95097ef0 (12 bytes)
1681921402.912248 sending message 112 to peer 0x559c95097ef0 (12 bytes)
1681921402.912256 sending message 112 to peer 0x559c95097ef0 (12 bytes)
1681921402.912263 sending message 112 to peer 0x559c95097ef0 (11 bytes)
1681921402.912271 sending message 112 to peer 0x559c95097ef0 (12 bytes)
1681921402.912279 sending message 112 to peer 0x559c95097ef0 (12 bytes)
1681921402.912287 sending message 112 to peer 0x559c95097ef0 (13 bytes)
1681921402.912295 sending message 112 to peer 0x559c95097ef0 (13 bytes)
1681921402.912303 sending message 112 to peer 0x559c95097ef0 (13 bytes)
1681921402.912312 sending message 112 to peer 0x559c95097ef0 (13 bytes)
1681921402.912320 sending message 112 to peer 0x559c95097ef0 (13 bytes)
1681921402.912328 sending message 112 to peer 0x559c95097ef0 (10 bytes)
1681921402.912336 sending message 112 to peer 0x559c95097ef0 (9 bytes)
1681921402.912344 sending message 112 to peer 0x559c95097ef0 (12 bytes)
1681921402.912352 sending message 112 to peer 0x559c95097ef0 (13 bytes)
1681921402.912360 sending message 112 to peer 0x559c95097ef0 (13 bytes)
1681921402.912368 sending message 112 to peer 0x559c95097ef0 (13 bytes)
1681921402.912394 sending message 112 to peer 0x559c95097ef0 (13 bytes)
1681921402.912403 sending message 112 to peer 0x559c95097ef0 (13 bytes)
1681921402.912411 sending message 112 to peer 0x559c95097ef0 (9 bytes)
1681921402.912419 sending message 112 to peer 0x559c95097ef0 (12 bytes)
1681921402.912427 sending message 112 to peer 0x559c95097ef0 (13 bytes)
1681921402.912435 sending message 112 to peer 0x559c95097ef0 (13 bytes)
1681921402.912443 sending message 112 to peer 0x559c95097ef0 (13 bytes)
1681921402.912451 sending message 112 to peer 0x559c95097ef0 (13 bytes)
1681921402.912458 sending message 112 to peer 0x559c95097ef0 (13 bytes)
1681921402.912480 sending message 112 to peer 0x559c95097ef0 (11 bytes)
1681921402.912490 sending message 112 to peer 0x559c95097ef0 (12 bytes)
1681921402.912497 sending message 112 to peer 0x559c95097ef0 (13 bytes)
1681921402.912505 sending message 112 to peer 0x559c95097ef0 (13 bytes)
1681921402.912513 sending message 112 to peer 0x559c95097ef0 (13 bytes)
1681921402.912520 sending message 112 to peer 0x559c95097ef0 (13 bytes)
1681921402.912528 sending message 112 to peer 0x559c95097ef0 (13 bytes)
1681921402.912536 sending message 112 to peer 0x559c95097ef0 (11 bytes)
1681921402.912544 sending message 112 to peer 0x559c95097ef0 (12 bytes)
1681921402.912551 sending message 112 to peer 0x559c95097ef0 (12 bytes)
1681921402.912559 sending message 112 to peer 0x559c95097ef0 (12 bytes)
1681921402.912567 sending message 112 to peer 0x559c95097ef0 (12 bytes)
1681921402.912575 sending message 112 to peer 0x559c95097ef0 (12 bytes)
1681921402.912583 sending message 112 to peer 0x559c95097ef0 (21 bytes)
1681921402.912590 sending message 112 to peer 0x559c95097ef0 (12 bytes)
1681921402.912598 sending message 112 to peer 0x559c95097ef0 (9 bytes)
1681921402.912619 sending message 112 to peer 0x559c95097ef0 (6 bytes)
1681921402.912628 sending message 112 to peer 0x559c95097ef0 (13 bytes)
1681921402.912636 sending message 112 to peer 0x559c95097ef0 (10 bytes)
1681921402.912644 sending message 112 to peer 0x559c95097ef0 (24 bytes)
1681921402.912651 sending message 112 to peer 0x559c95097ef0 (13 bytes)
1681921402.912659 sending message 112 to peer 0x559c95097ef0 (9 bytes)
1681921402.912666 sending message 112 to peer 0x559c95097ef0 (70 bytes)
1681921402.912674 sending message 112 to peer 0x559c95097ef0 (69 bytes)
1681921402.912682 sending message 112 to peer 0x559c95097ef0 (12 bytes)
1681921402.912689 sending message 112 to peer 0x559c95097ef0 (10 bytes)
1681921402.912697 sending message 112 to peer 0x559c95097ef0 (10 bytes)
1681921402.912704 sending message 112 to peer 0x559c95097ef0 (24 bytes)
1681921402.912712 sending message 112 to peer 0x559c95097ef0 (13 bytes)
1681921402.912719 sending message 112 to peer 0x559c95097ef0 (10 bytes)
1681921402.912727 sending message 112 to peer 0x559c95097ef0 (10 bytes)
1681921402.912735 sending message 112 to peer 0x559c95097ef0 (10 bytes)
1681921402.912748 sending message 112 to peer 0x559c95097ef0 (13 bytes)
1681921402.912756 sending message 112 to peer 0x559c95097ef0 (15 bytes)
1681921402.912763 sending message 112 to peer 0x559c95097ef0 (5 bytes)
1681921402.912773 sending message 104 to peer 0x559c95097ef0 (0 bytes)
1681921402.912782 sending message 110 to peer 0x559c95097ef0 (0 bytes)
1681921402.912792 sending message 107 to peer 0x559c95097ef0 (4 bytes)
1681921402.912800 sending message 105 to peer 0x559c95097ef0 (16 bytes)
1681921402.912807 sending message 105 to peer 0x559c95097ef0 (18 bytes)
1681921402.912814 sending message 105 to peer 0x559c95097ef0 (52 bytes)
1681921402.912822 sending message 105 to peer 0x559c95097ef0 (17 bytes)
1681921402.912829 sending message 105 to peer 0x559c95097ef0 (21 bytes)
1681921402.912836 sending message 105 to peer 0x559c95097ef0 (15 bytes)
1681921402.912843 sending message 105 to peer 0x559c95097ef0 (20 bytes)
1681921402.912851 sending message 105 to peer 0x559c95097ef0 (11 bytes)
1681921402.912859 sending message 105 to peer 0x559c95097ef0 (1519 bytes)
1681921402.912897 sending message 105 to peer 0x559c95097ef0 (59 bytes)
1681921402.912917 sending message 105 to peer 0x559c95097ef0 (48 bytes)
1681921402.912926 sending message 105 to peer 0x559c95097ef0 (34 bytes)
1681921402.912934 sending message 105 to peer 0x559c95097ef0 (23 bytes)
1681921402.912941 sending message 105 to peer 0x559c95097ef0 (20 bytes)
1681921402.912973 sending message 105 to peer 0x559c95097ef0 (32 bytes)
1681921402.912984 sending message 105 to peer 0x559c95097ef0 (14 bytes)
1681921402.913004 sending message 105 to peer 0x559c95097ef0 (8 bytes)
1681921402.913014 sending message 105 to peer 0x559c95097ef0 (17 bytes)
1681921402.913022 sending message 105 to peer 0x559c95097ef0 (31 bytes)
1681921402.913030 sending message 105 to peer 0x559c95097ef0 (131 bytes)
1681921402.913040 sending message 105 to peer 0x559c95097ef0 (33 bytes)
1681921402.913053 sending message 105 to peer 0x559c95097ef0 (65 bytes)
1681921402.913066 sending message 105 to peer 0x559c95097ef0 (155 bytes)
1681921402.913079 sending message 105 to peer 0x559c95097ef0 (54 bytes)
1681921402.913092 sending message 105 to peer 0x559c95097ef0 (19 bytes)
1681921402.913106 sending message 105 to peer 0x559c95097ef0 (49 bytes)
1681921402.913119 sending message 105 to peer 0x559c95097ef0 (16 bytes)
1681921402.913128 sending message 106 to peer 0x559c95097ef0 (0 bytes)
1681921402.913155 sending message 200 to peer 0x559c95097ef0 (4 bytes)
1681921402.913165 client loop enter
1681921402.913286 client_signal: Child exited
1681921403.031958 peer 0x559c95097ef0 message 207
1681921403.031988 sending message 208 to peer 0x559c95097ef0 (0 bytes)
1681922974.278588 client loop exit
