1681883623.666864 client started (198893): version 3.2a, socket /tmp/tmux-1000/default, protocol 8
1681883623.667007 on Linux 5.15.0-46-generic #49-Ubuntu SMP Thu Aug 4 18:03:25 UTC 2022
1681883623.667021 using libevent 2.1.12-stable (poll); ncurses 6.3
1681883623.667078 flags are 0x18000000
1681883623.667090 socket is /tmp/tmux-1000/default
1681883623.667137 trying connect
1681883623.667465 add peer 0x55be48dfbc00: 6 ((nil))
1681883623.670060 sending message 100 to peer 0x55be48dfbc00 (4 bytes)
1681883623.670099 sending message 111 to peer 0x55be48dfbc00 (8 bytes)
1681883623.670109 sending message 101 to peer 0x55be48dfbc00 (15 bytes)
1681883623.670118 sending message 109 to peer 0x55be48dfbc00 (4 bytes)
1681883623.670127 sending message 102 to peer 0x55be48dfbc00 (11 bytes)
1681883623.670136 sending message 108 to peer 0x55be48dfbc00 (48 bytes)
1681883623.670145 sending message 112 to peer 0x55be48dfbc00 (58 bytes)
1681883623.670154 sending message 112 to peer 0x55be48dfbc00 (5 bytes)
1681883623.670162 sending message 112 to peer 0x55be48dfbc00 (5 bytes)
1681883623.670171 sending message 112 to peer 0x55be48dfbc00 (6 bytes)
1681883623.670179 sending message 112 to peer 0x55be48dfbc00 (6 bytes)
1681883623.670187 sending message 112 to peer 0x55be48dfbc00 (11 bytes)
1681883623.670196 sending message 112 to peer 0x55be48dfbc00 (10 bytes)
1681883623.670204 sending message 112 to peer 0x55be48dfbc00 (13 bytes)
1681883623.670213 sending message 112 to peer 0x55be48dfbc00 (14 bytes)
1681883623.670221 sending message 112 to peer 0x55be48dfbc00 (19 bytes)
1681883623.670229 sending message 112 to peer 0x55be48dfbc00 (11 bytes)
1681883623.670237 sending message 112 to peer 0x55be48dfbc00 (10 bytes)
1681883623.670265 sending message 112 to peer 0x55be48dfbc00 (15 bytes)
1681883623.670275 sending message 112 to peer 0x55be48dfbc00 (21 bytes)
1681883623.670283 sending message 112 to peer 0x55be48dfbc00 (13 bytes)
1681883623.670291 sending message 112 to peer 0x55be48dfbc00 (7 bytes)
1681883623.670299 sending message 112 to peer 0x55be48dfbc00 (13 bytes)
1681883623.670307 sending message 112 to peer 0x55be48dfbc00 (7 bytes)
1681883623.670315 sending message 112 to peer 0x55be48dfbc00 (13 bytes)
1681883623.670323 sending message 112 to peer 0x55be48dfbc00 (9 bytes)
1681883623.670332 sending message 112 to peer 0x55be48dfbc00 (21 bytes)
1681883623.670340 sending message 112 to peer 0x55be48dfbc00 (13 bytes)
1681883623.670348 sending message 112 to peer 0x55be48dfbc00 (9 bytes)
1681883623.670357 sending message 112 to peer 0x55be48dfbc00 (16 bytes)
1681883623.670365 sending message 112 to peer 0x55be48dfbc00 (13 bytes)
1681883623.670373 sending message 112 to peer 0x55be48dfbc00 (9 bytes)
1681883623.670381 sending message 112 to peer 0x55be48dfbc00 (9 bytes)
1681883623.670389 sending message 112 to peer 0x55be48dfbc00 (12 bytes)
1681883623.670397 sending message 112 to peer 0x55be48dfbc00 (8 bytes)
1681883623.670405 sending message 112 to peer 0x55be48dfbc00 (8 bytes)
1681883623.670413 sending message 112 to peer 0x55be48dfbc00 (13 bytes)
1681883623.670421 sending message 112 to peer 0x55be48dfbc00 (7 bytes)
1681883623.670429 sending message 112 to peer 0x55be48dfbc00 (7 bytes)
1681883623.670437 sending message 112 to peer 0x55be48dfbc00 (9 bytes)
1681883623.670445 sending message 112 to peer 0x55be48dfbc00 (9 bytes)
1681883623.670453 sending message 112 to peer 0x55be48dfbc00 (15 bytes)
1681883623.670461 sending message 112 to peer 0x55be48dfbc00 (13 bytes)
1681883623.670469 sending message 112 to peer 0x55be48dfbc00 (12 bytes)
1681883623.670477 sending message 112 to peer 0x55be48dfbc00 (8 bytes)
1681883623.670485 sending message 112 to peer 0x55be48dfbc00 (14 bytes)
1681883623.670493 sending message 112 to peer 0x55be48dfbc00 (11 bytes)
1681883623.670501 sending message 112 to peer 0x55be48dfbc00 (9 bytes)
1681883623.670509 sending message 112 to peer 0x55be48dfbc00 (10 bytes)
1681883623.670518 sending message 112 to peer 0x55be48dfbc00 (10 bytes)
1681883623.670526 sending message 112 to peer 0x55be48dfbc00 (10 bytes)
1681883623.670534 sending message 112 to peer 0x55be48dfbc00 (10 bytes)
1681883623.670573 sending message 112 to peer 0x55be48dfbc00 (11 bytes)
1681883623.670583 sending message 112 to peer 0x55be48dfbc00 (12 bytes)
1681883623.670591 sending message 112 to peer 0x55be48dfbc00 (12 bytes)
1681883623.670599 sending message 112 to peer 0x55be48dfbc00 (12 bytes)
1681883623.670607 sending message 112 to peer 0x55be48dfbc00 (12 bytes)
1681883623.670615 sending message 112 to peer 0x55be48dfbc00 (12 bytes)
1681883623.670623 sending message 112 to peer 0x55be48dfbc00 (11 bytes)
1681883623.670631 sending message 112 to peer 0x55be48dfbc00 (11 bytes)
1681883623.670639 sending message 112 to peer 0x55be48dfbc00 (12 bytes)
1681883623.670647 sending message 112 to peer 0x55be48dfbc00 (12 bytes)
1681883623.670655 sending message 112 to peer 0x55be48dfbc00 (12 bytes)
1681883623.670663 sending message 112 to peer 0x55be48dfbc00 (12 bytes)
1681883623.670671 sending message 112 to peer 0x55be48dfbc00 (12 bytes)
1681883623.670679 sending message 112 to peer 0x55be48dfbc00 (9 bytes)
1681883623.670687 sending message 112 to peer 0x55be48dfbc00 (12 bytes)
1681883623.670695 sending message 112 to peer 0x55be48dfbc00 (13 bytes)
1681883623.670703 sending message 112 to peer 0x55be48dfbc00 (13 bytes)
1681883623.670711 sending message 112 to peer 0x55be48dfbc00 (13 bytes)
1681883623.670719 sending message 112 to peer 0x55be48dfbc00 (13 bytes)
1681883623.670727 sending message 112 to peer 0x55be48dfbc00 (13 bytes)
1681883623.670735 sending message 112 to peer 0x55be48dfbc00 (8 bytes)
1681883623.670743 sending message 112 to peer 0x55be48dfbc00 (11 bytes)
1681883623.670751 sending message 112 to peer 0x55be48dfbc00 (11 bytes)
1681883623.670759 sending message 112 to peer 0x55be48dfbc00 (11 bytes)
1681883623.670767 sending message 112 to peer 0x55be48dfbc00 (12 bytes)
1681883623.670775 sending message 112 to peer 0x55be48dfbc00 (12 bytes)
1681883623.670783 sending message 112 to peer 0x55be48dfbc00 (12 bytes)
1681883623.670791 sending message 112 to peer 0x55be48dfbc00 (12 bytes)
1681883623.670799 sending message 112 to peer 0x55be48dfbc00 (13 bytes)
1681883623.670807 sending message 112 to peer 0x55be48dfbc00 (13 bytes)
1681883623.670815 sending message 112 to peer 0x55be48dfbc00 (13 bytes)
1681883623.670824 sending message 112 to peer 0x55be48dfbc00 (8 bytes)
1681883623.670832 sending message 112 to peer 0x55be48dfbc00 (13 bytes)
1681883623.670840 sending message 112 to peer 0x55be48dfbc00 (13 bytes)
1681883623.670848 sending message 112 to peer 0x55be48dfbc00 (13 bytes)
1681883623.670856 sending message 112 to peer 0x55be48dfbc00 (13 bytes)
1681883623.670864 sending message 112 to peer 0x55be48dfbc00 (13 bytes)
1681883623.670872 sending message 112 to peer 0x55be48dfbc00 (12 bytes)
1681883623.670880 sending message 112 to peer 0x55be48dfbc00 (12 bytes)
1681883623.670888 sending message 112 to peer 0x55be48dfbc00 (12 bytes)
1681883623.670896 sending message 112 to peer 0x55be48dfbc00 (12 bytes)
1681883623.670904 sending message 112 to peer 0x55be48dfbc00 (13 bytes)
1681883623.670912 sending message 112 to peer 0x55be48dfbc00 (8 bytes)
1681883623.670920 sending message 112 to peer 0x55be48dfbc00 (13 bytes)
1681883623.670928 sending message 112 to peer 0x55be48dfbc00 (13 bytes)
1681883623.670936 sending message 112 to peer 0x55be48dfbc00 (13 bytes)
1681883623.670944 sending message 112 to peer 0x55be48dfbc00 (13 bytes)
1681883623.670952 sending message 112 to peer 0x55be48dfbc00 (13 bytes)
1681883623.670960 sending message 112 to peer 0x55be48dfbc00 (13 bytes)
1681883623.670968 sending message 112 to peer 0x55be48dfbc00 (13 bytes)
1681883623.670976 sending message 112 to peer 0x55be48dfbc00 (12 bytes)
1681883623.670984 sending message 112 to peer 0x55be48dfbc00 (12 bytes)
1681883623.670992 sending message 112 to peer 0x55be48dfbc00 (12 bytes)
1681883623.671000 sending message 112 to peer 0x55be48dfbc00 (8 bytes)
1681883623.671008 sending message 112 to peer 0x55be48dfbc00 (12 bytes)
1681883623.671017 sending message 112 to peer 0x55be48dfbc00 (13 bytes)
1681883623.671025 sending message 112 to peer 0x55be48dfbc00 (13 bytes)
1681883623.671044 sending message 112 to peer 0x55be48dfbc00 (13 bytes)
1681883623.671053 sending message 112 to peer 0x55be48dfbc00 (13 bytes)
1681883623.671061 sending message 112 to peer 0x55be48dfbc00 (13 bytes)
1681883623.671069 sending message 112 to peer 0x55be48dfbc00 (13 bytes)
1681883623.671077 sending message 112 to peer 0x55be48dfbc00 (13 bytes)
1681883623.671085 sending message 112 to peer 0x55be48dfbc00 (13 bytes)
1681883623.671093 sending message 112 to peer 0x55be48dfbc00 (12 bytes)
1681883623.671101 sending message 112 to peer 0x55be48dfbc00 (10 bytes)
1681883623.671109 sending message 112 to peer 0x55be48dfbc00 (12 bytes)
1681883623.671116 sending message 112 to peer 0x55be48dfbc00 (12 bytes)
1681883623.671124 sending message 112 to peer 0x55be48dfbc00 (12 bytes)
1681883623.671132 sending message 112 to peer 0x55be48dfbc00 (13 bytes)
1681883623.671141 sending message 112 to peer 0x55be48dfbc00 (13 bytes)
1681883623.671149 sending message 112 to peer 0x55be48dfbc00 (13 bytes)
1681883623.671157 sending message 112 to peer 0x55be48dfbc00 (13 bytes)
1681883623.671165 sending message 112 to peer 0x55be48dfbc00 (13 bytes)
1681883623.671173 sending message 112 to peer 0x55be48dfbc00 (13 bytes)
1681883623.671181 sending message 112 to peer 0x55be48dfbc00 (13 bytes)
1681883623.671189 sending message 112 to peer 0x55be48dfbc00 (10 bytes)
1681883623.671197 sending message 112 to peer 0x55be48dfbc00 (13 bytes)
1681883623.671205 sending message 112 to peer 0x55be48dfbc00 (12 bytes)
1681883623.671213 sending message 112 to peer 0x55be48dfbc00 (12 bytes)
1681883623.671221 sending message 112 to peer 0x55be48dfbc00 (12 bytes)
1681883623.671229 sending message 112 to peer 0x55be48dfbc00 (10 bytes)
1681883623.671237 sending message 112 to peer 0x55be48dfbc00 (10 bytes)
1681883623.671244 sending message 112 to peer 0x55be48dfbc00 (10 bytes)
1681883623.671253 sending message 112 to peer 0x55be48dfbc00 (12 bytes)
1681883623.671261 sending message 112 to peer 0x55be48dfbc00 (13 bytes)
1681883623.671269 sending message 112 to peer 0x55be48dfbc00 (13 bytes)
1681883623.671277 sending message 112 to peer 0x55be48dfbc00 (13 bytes)
1681883623.671285 sending message 112 to peer 0x55be48dfbc00 (13 bytes)
1681883623.671293 sending message 112 to peer 0x55be48dfbc00 (13 bytes)
1681883623.671301 sending message 112 to peer 0x55be48dfbc00 (10 bytes)
1681883623.671309 sending message 112 to peer 0x55be48dfbc00 (11 bytes)
1681883623.671317 sending message 112 to peer 0x55be48dfbc00 (12 bytes)
1681883623.671325 sending message 112 to peer 0x55be48dfbc00 (12 bytes)
1681883623.671333 sending message 112 to peer 0x55be48dfbc00 (12 bytes)
1681883623.671341 sending message 112 to peer 0x55be48dfbc00 (12 bytes)
1681883623.671349 sending message 112 to peer 0x55be48dfbc00 (12 bytes)
1681883623.671357 sending message 112 to peer 0x55be48dfbc00 (11 bytes)
1681883623.671365 sending message 112 to peer 0x55be48dfbc00 (12 bytes)
1681883623.671373 sending message 112 to peer 0x55be48dfbc00 (12 bytes)
1681883623.671381 sending message 112 to peer 0x55be48dfbc00 (13 bytes)
1681883623.671389 sending message 112 to peer 0x55be48dfbc00 (13 bytes)
1681883623.671397 sending message 112 to peer 0x55be48dfbc00 (13 bytes)
1681883623.671405 sending message 112 to peer 0x55be48dfbc00 (13 bytes)
1681883623.671413 sending message 112 to peer 0x55be48dfbc00 (13 bytes)
1681883623.671421 sending message 112 to peer 0x55be48dfbc00 (10 bytes)
1681883623.671429 sending message 112 to peer 0x55be48dfbc00 (9 bytes)
1681883623.671437 sending message 112 to peer 0x55be48dfbc00 (12 bytes)
1681883623.671445 sending message 112 to peer 0x55be48dfbc00 (13 bytes)
1681883623.671453 sending message 112 to peer 0x55be48dfbc00 (13 bytes)
1681883623.671461 sending message 112 to peer 0x55be48dfbc00 (13 bytes)
1681883623.671469 sending message 112 to peer 0x55be48dfbc00 (13 bytes)
1681883623.671477 sending message 112 to peer 0x55be48dfbc00 (13 bytes)
1681883623.671485 sending message 112 to peer 0x55be48dfbc00 (9 bytes)
1681883623.671494 sending message 112 to peer 0x55be48dfbc00 (12 bytes)
1681883623.671511 sending message 112 to peer 0x55be48dfbc00 (13 bytes)
1681883623.671520 sending message 112 to peer 0x55be48dfbc00 (13 bytes)
1681883623.671528 sending message 112 to peer 0x55be48dfbc00 (13 bytes)
1681883623.671536 sending message 112 to peer 0x55be48dfbc00 (13 bytes)
1681883623.671544 sending message 112 to peer 0x55be48dfbc00 (13 bytes)
1681883623.671551 sending message 112 to peer 0x55be48dfbc00 (11 bytes)
1681883623.671643 sending message 112 to peer 0x55be48dfbc00 (12 bytes)
1681883623.671665 sending message 112 to peer 0x55be48dfbc00 (13 bytes)
1681883623.671673 sending message 112 to peer 0x55be48dfbc00 (13 bytes)
1681883623.671681 sending message 112 to peer 0x55be48dfbc00 (13 bytes)
1681883623.671689 sending message 112 to peer 0x55be48dfbc00 (13 bytes)
1681883623.671696 sending message 112 to peer 0x55be48dfbc00 (13 bytes)
1681883623.671704 sending message 112 to peer 0x55be48dfbc00 (11 bytes)
1681883623.671712 sending message 112 to peer 0x55be48dfbc00 (12 bytes)
1681883623.671720 sending message 112 to peer 0x55be48dfbc00 (12 bytes)
1681883623.671727 sending message 112 to peer 0x55be48dfbc00 (12 bytes)
1681883623.671735 sending message 112 to peer 0x55be48dfbc00 (12 bytes)
1681883623.671743 sending message 112 to peer 0x55be48dfbc00 (12 bytes)
1681883623.671751 sending message 112 to peer 0x55be48dfbc00 (21 bytes)
1681883623.671759 sending message 112 to peer 0x55be48dfbc00 (12 bytes)
1681883623.671766 sending message 112 to peer 0x55be48dfbc00 (9 bytes)
1681883623.671774 sending message 112 to peer 0x55be48dfbc00 (6 bytes)
1681883623.671799 sending message 112 to peer 0x55be48dfbc00 (13 bytes)
1681883623.671810 sending message 112 to peer 0x55be48dfbc00 (10 bytes)
1681883623.671819 sending message 112 to peer 0x55be48dfbc00 (24 bytes)
1681883623.671826 sending message 112 to peer 0x55be48dfbc00 (13 bytes)
1681883623.671834 sending message 112 to peer 0x55be48dfbc00 (9 bytes)
1681883623.671842 sending message 112 to peer 0x55be48dfbc00 (70 bytes)
1681883623.671850 sending message 112 to peer 0x55be48dfbc00 (69 bytes)
1681883623.671858 sending message 112 to peer 0x55be48dfbc00 (12 bytes)
1681883623.671866 sending message 112 to peer 0x55be48dfbc00 (10 bytes)
1681883623.671874 sending message 112 to peer 0x55be48dfbc00 (10 bytes)
1681883623.671881 sending message 112 to peer 0x55be48dfbc00 (24 bytes)
1681883623.671889 sending message 112 to peer 0x55be48dfbc00 (13 bytes)
1681883623.671897 sending message 112 to peer 0x55be48dfbc00 (10 bytes)
1681883623.671905 sending message 112 to peer 0x55be48dfbc00 (10 bytes)
1681883623.671912 sending message 112 to peer 0x55be48dfbc00 (10 bytes)
1681883623.671920 sending message 112 to peer 0x55be48dfbc00 (13 bytes)
1681883623.671948 sending message 112 to peer 0x55be48dfbc00 (15 bytes)
1681883623.671960 sending message 112 to peer 0x55be48dfbc00 (5 bytes)
1681883623.671970 sending message 104 to peer 0x55be48dfbc00 (0 bytes)
1681883623.671980 sending message 110 to peer 0x55be48dfbc00 (0 bytes)
1681883623.671990 sending message 107 to peer 0x55be48dfbc00 (4 bytes)
1681883623.671999 sending message 105 to peer 0x55be48dfbc00 (16 bytes)
1681883623.672007 sending message 105 to peer 0x55be48dfbc00 (18 bytes)
1681883623.672014 sending message 105 to peer 0x55be48dfbc00 (52 bytes)
1681883623.672022 sending message 105 to peer 0x55be48dfbc00 (17 bytes)
1681883623.672030 sending message 105 to peer 0x55be48dfbc00 (21 bytes)
1681883623.672038 sending message 105 to peer 0x55be48dfbc00 (15 bytes)
1681883623.672045 sending message 105 to peer 0x55be48dfbc00 (20 bytes)
1681883623.672053 sending message 105 to peer 0x55be48dfbc00 (11 bytes)
1681883623.672062 sending message 105 to peer 0x55be48dfbc00 (1519 bytes)
1681883623.672102 sending message 105 to peer 0x55be48dfbc00 (59 bytes)
1681883623.672112 sending message 105 to peer 0x55be48dfbc00 (49 bytes)
1681883623.672120 sending message 105 to peer 0x55be48dfbc00 (34 bytes)
1681883623.672129 sending message 105 to peer 0x55be48dfbc00 (23 bytes)
1681883623.672137 sending message 105 to peer 0x55be48dfbc00 (20 bytes)
1681883623.672172 sending message 105 to peer 0x55be48dfbc00 (32 bytes)
1681883623.672181 sending message 105 to peer 0x55be48dfbc00 (14 bytes)
1681883623.672189 sending message 105 to peer 0x55be48dfbc00 (8 bytes)
1681883623.672198 sending message 105 to peer 0x55be48dfbc00 (18 bytes)
1681883623.672206 sending message 105 to peer 0x55be48dfbc00 (31 bytes)
1681883623.672215 sending message 105 to peer 0x55be48dfbc00 (131 bytes)
1681883623.672223 sending message 105 to peer 0x55be48dfbc00 (34 bytes)
1681883623.672232 sending message 105 to peer 0x55be48dfbc00 (65 bytes)
1681883623.672241 sending message 105 to peer 0x55be48dfbc00 (155 bytes)
1681883623.672249 sending message 105 to peer 0x55be48dfbc00 (54 bytes)
1681883623.672257 sending message 105 to peer 0x55be48dfbc00 (19 bytes)
1681883623.672266 sending message 105 to peer 0x55be48dfbc00 (49 bytes)
1681883623.672274 sending message 105 to peer 0x55be48dfbc00 (16 bytes)
1681883623.672283 sending message 106 to peer 0x55be48dfbc00 (0 bytes)
1681883623.672299 sending message 200 to peer 0x55be48dfbc00 (4 bytes)
1681883623.672308 client loop enter
1681883623.782230 peer 0x55be48dfbc00 message 207
1681883623.782272 sending message 208 to peer 0x55be48dfbc00 (0 bytes)
1681884384.059198 client_signal: Window changed
1681884384.059350 sending message 208 to peer 0x55be48dfbc00 (0 bytes)
1681884384.064324 client_signal: Window changed
1681884384.064356 sending message 208 to peer 0x55be48dfbc00 (0 bytes)
1681884394.230190 client_signal: Window changed
1681884394.230255 sending message 208 to peer 0x55be48dfbc00 (0 bytes)
1681884394.232322 client_signal: Window changed
1681884394.232357 sending message 208 to peer 0x55be48dfbc00 (0 bytes)
1681884538.870324 client_signal: Hangup
1681884538.870416 sending message 205 to peer 0x55be48dfbc00 (0 bytes)
1681884538.871077 client_signal: Hangup
1681884538.871096 sending message 205 to peer 0x55be48dfbc00 (0 bytes)
1681884538.871106 client_signal: Continued
1681884538.871131 sending message 216 to peer 0x55be48dfbc00 (0 bytes)
1681884538.871967 client loop exit
